<?xml version="1.0" encoding="UTF-8"?>
<coverage generated="1535702815593" clover="3.2.0">
  <project timestamp="1535702815593" name="All files">
    <metrics statements="240" coveredstatements="68" conditionals="100" coveredconditionals="16" methods="111" coveredmethods="38" elements="451" coveredelements="122" complexity="0" loc="240" ncloc="240" packages="8" files="24" classes="24">
      <package name="src">
        <metrics statements="44" coveredstatements="1" conditionals="20" coveredconditionals="0" methods="21" coveredmethods="0"/>
        <file name="App.jsx" path="/Users/joshpitzalis/Desktop/auction/src/App.jsx">
          <metrics statements="14" coveredstatements="0" conditionals="6" coveredconditionals="0" methods="7" coveredmethods="0"/>
          <line num="1" count="0" type="stmt"/>
          <line num="24" count="0" type="cond" truecount="0" falsecount="4"/>
          <line num="25" count="0" type="stmt"/>
          <line num="28" count="0" type="stmt"/>
          <line num="37" count="0" type="stmt"/>
          <line num="209" count="0" type="stmt"/>
          <line num="211" count="0" type="stmt"/>
          <line num="213" count="0" type="cond" truecount="0" falsecount="2"/>
          <line num="217" count="0" type="stmt"/>
          <line num="220" count="0" type="stmt"/>
          <line num="221" count="0" type="stmt"/>
          <line num="222" count="0" type="stmt"/>
          <line num="223" count="0" type="stmt"/>
          <line num="226" count="0" type="stmt"/>
        </file>
        <file name="Provider.jsx" path="/Users/joshpitzalis/Desktop/auction/src/Provider.jsx">
          <metrics statements="22" coveredstatements="1" conditionals="6" coveredconditionals="0" methods="9" coveredmethods="0"/>
          <line num="10" count="1" type="stmt"/>
          <line num="98" count="0" type="stmt"/>
          <line num="99" count="0" type="cond" truecount="0" falsecount="2"/>
          <line num="100" count="0" type="stmt"/>
          <line num="105" count="0" type="stmt"/>
          <line num="106" count="0" type="stmt"/>
          <line num="107" count="0" type="cond" truecount="0" falsecount="2"/>
          <line num="108" count="0" type="stmt"/>
          <line num="113" count="0" type="stmt"/>
          <line num="115" count="0" type="stmt"/>
          <line num="116" count="0" type="cond" truecount="0" falsecount="2"/>
          <line num="117" count="0" type="stmt"/>
          <line num="118" count="0" type="stmt"/>
          <line num="124" count="0" type="stmt"/>
          <line num="129" count="0" type="stmt"/>
          <line num="131" count="0" type="stmt"/>
          <line num="136" count="0" type="stmt"/>
          <line num="137" count="0" type="stmt"/>
          <line num="142" count="0" type="stmt"/>
          <line num="144" count="0" type="stmt"/>
          <line num="146" count="0" type="stmt"/>
          <line num="160" count="0" type="stmt"/>
        </file>
        <file name="index.js" path="/Users/joshpitzalis/Desktop/auction/src/index.js">
          <metrics statements="2" coveredstatements="0" conditionals="4" coveredconditionals="0" methods="1" coveredmethods="0"/>
          <line num="1" count="0" type="stmt"/>
          <line num="4" count="0" type="cond" truecount="0" falsecount="4"/>
        </file>
        <file name="routes.js" path="/Users/joshpitzalis/Desktop/auction/src/routes.js">
          <metrics statements="6" coveredstatements="0" conditionals="4" coveredconditionals="0" methods="4" coveredmethods="0"/>
          <line num="1" count="0" type="stmt"/>
          <line num="5" count="0" type="cond" truecount="0" falsecount="4"/>
          <line num="7" count="0" type="stmt"/>
          <line num="8" count="0" type="stmt"/>
          <line num="13" count="0" type="stmt"/>
          <line num="15" count="0" type="stmt"/>
        </file>
      </package>
      <package name="src.components">
        <metrics statements="63" coveredstatements="33" conditionals="41" coveredconditionals="14" methods="28" coveredmethods="18"/>
        <file name="AuctionBox.jsx" path="/Users/joshpitzalis/Desktop/auction/src/components/AuctionBox.jsx">
          <metrics statements="8" coveredstatements="7" conditionals="2" coveredconditionals="1" methods="2" coveredmethods="2"/>
          <line num="8" count="1" type="stmt"/>
          <line num="14" count="1" type="stmt"/>
          <line num="29" count="1" type="stmt"/>
          <line num="60" count="5" type="stmt"/>
          <line num="62" count="5" type="cond" truecount="1" falsecount="1"/>
          <line num="63" count="0" type="stmt"/>
          <line num="65" count="5" type="stmt"/>
          <line num="85" count="1" type="stmt"/>
        </file>
        <file name="AuctionImage.jsx" path="/Users/joshpitzalis/Desktop/auction/src/components/AuctionImage.jsx">
          <metrics statements="2" coveredstatements="2" conditionals="0" coveredconditionals="0" methods="1" coveredmethods="1"/>
          <line num="5" count="1" type="stmt"/>
          <line num="14" count="5" type="stmt"/>
        </file>
        <file name="CountdownTimer.jsx" path="/Users/joshpitzalis/Desktop/auction/src/components/CountdownTimer.jsx">
          <metrics statements="11" coveredstatements="11" conditionals="18" coveredconditionals="10" methods="8" coveredmethods="8"/>
          <line num="6" count="1" type="stmt"/>
          <line num="18" count="5" type="stmt"/>
          <line num="20" count="2" type="stmt"/>
          <line num="27" count="4" type="stmt"/>
          <line num="30" count="4" type="stmt"/>
          <line num="33" count="4" type="stmt"/>
          <line num="35" count="2" type="stmt"/>
          <line num="38" count="5" type="stmt"/>
          <line num="42" count="7" type="stmt"/>
          <line num="43" count="7" type="stmt"/>
          <line num="45" count="7" type="stmt"/>
        </file>
        <file name="FAQ.jsx" path="/Users/joshpitzalis/Desktop/auction/src/components/FAQ.jsx">
          <metrics statements="1" coveredstatements="1" conditionals="0" coveredconditionals="0" methods="1" coveredmethods="1"/>
          <line num="7" count="5" type="stmt"/>
        </file>
        <file name="Footer.jsx" path="/Users/joshpitzalis/Desktop/auction/src/components/Footer.jsx">
          <metrics statements="5" coveredstatements="0" conditionals="4" coveredconditionals="0" methods="2" coveredmethods="0"/>
          <line num="1" count="0" type="stmt"/>
          <line num="3" count="0" type="cond" truecount="0" falsecount="4"/>
          <line num="5" count="0" type="stmt"/>
          <line num="11" count="0" type="stmt"/>
          <line num="22" count="0" type="stmt"/>
        </file>
        <file name="Gembox.jsx" path="/Users/joshpitzalis/Desktop/auction/src/components/Gembox.jsx">
          <metrics statements="20" coveredstatements="8" conditionals="9" coveredconditionals="3" methods="4" coveredmethods="4"/>
          <line num="8" count="1" type="stmt"/>
          <line num="15" count="1" type="stmt"/>
          <line num="16" count="15" type="stmt"/>
          <line num="45" count="5" type="cond" truecount="1" falsecount="6"/>
          <line num="47" count="0" type="stmt"/>
          <line num="48" count="0" type="stmt"/>
          <line num="50" count="0" type="stmt"/>
          <line num="51" count="0" type="stmt"/>
          <line num="53" count="0" type="stmt"/>
          <line num="54" count="0" type="stmt"/>
          <line num="56" count="0" type="stmt"/>
          <line num="57" count="0" type="stmt"/>
          <line num="59" count="0" type="stmt"/>
          <line num="60" count="0" type="stmt"/>
          <line num="62" count="0" type="stmt"/>
          <line num="63" count="0" type="stmt"/>
          <line num="65" count="5" type="stmt"/>
          <line num="69" count="5" type="stmt"/>
          <line num="72" count="5" type="stmt"/>
          <line num="73" count="5" type="stmt"/>
        </file>
        <file name="MailingList.jsx" path="/Users/joshpitzalis/Desktop/auction/src/components/MailingList.jsx">
          <metrics statements="2" coveredstatements="2" conditionals="0" coveredconditionals="0" methods="1" coveredmethods="1"/>
          <line num="5" count="1" type="stmt"/>
          <line num="16" count="5" type="stmt"/>
        </file>
        <file name="MobileHeader.jsx" path="/Users/joshpitzalis/Desktop/auction/src/components/MobileHeader.jsx">
          <metrics statements="5" coveredstatements="0" conditionals="4" coveredconditionals="0" methods="2" coveredmethods="0"/>
          <line num="1" count="0" type="stmt"/>
          <line num="4" count="0" type="cond" truecount="0" falsecount="4"/>
          <line num="6" count="0" type="stmt"/>
          <line num="22" count="0" type="stmt"/>
          <line num="23" count="0" type="stmt"/>
        </file>
        <file name="Modal.jsx" path="/Users/joshpitzalis/Desktop/auction/src/components/Modal.jsx">
          <metrics statements="3" coveredstatements="0" conditionals="0" coveredconditionals="0" methods="2" coveredmethods="0"/>
          <line num="1" count="0" type="stmt"/>
          <line num="3" count="0" type="stmt"/>
          <line num="20" count="0" type="stmt"/>
        </file>
        <file name="Nav.jsx" path="/Users/joshpitzalis/Desktop/auction/src/components/Nav.jsx">
          <metrics statements="4" coveredstatements="0" conditionals="4" coveredconditionals="0" methods="4" coveredmethods="0"/>
          <line num="1" count="0" type="stmt"/>
          <line num="3" count="0" type="cond" truecount="0" falsecount="4"/>
          <line num="5" count="0" type="stmt"/>
          <line num="15" count="0" type="stmt"/>
        </file>
        <file name="ProgressMeter.jsx" path="/Users/joshpitzalis/Desktop/auction/src/components/ProgressMeter.jsx">
          <metrics statements="2" coveredstatements="2" conditionals="0" coveredconditionals="0" methods="1" coveredmethods="1"/>
          <line num="10" count="5" type="stmt"/>
          <line num="11" count="5" type="stmt"/>
        </file>
      </package>
      <package name="src.components.DescriptionBox">
        <metrics statements="8" coveredstatements="5" conditionals="4" coveredconditionals="2" methods="4" coveredmethods="2"/>
        <file name="index.jsx" path="/Users/joshpitzalis/Desktop/auction/src/components/DescriptionBox/index.jsx">
          <metrics statements="8" coveredstatements="5" conditionals="4" coveredconditionals="2" methods="4" coveredmethods="2"/>
          <line num="24" count="2" type="cond" truecount="1" falsecount="1"/>
          <line num="25" count="0" type="stmt"/>
          <line num="29" count="0" type="stmt"/>
          <line num="32" count="5" type="stmt"/>
          <line num="34" count="5" type="stmt"/>
          <line num="121" count="1" type="stmt"/>
          <line num="128" count="1" type="stmt"/>
          <line num="129" count="0" type="stmt"/>
        </file>
      </package>
      <package name="src.components.RippleButton">
        <metrics statements="31" coveredstatements="0" conditionals="12" coveredconditionals="0" methods="13" coveredmethods="0"/>
        <file name="RippleButton.jsx" path="/Users/joshpitzalis/Desktop/auction/src/components/RippleButton/RippleButton.jsx">
          <metrics statements="31" coveredstatements="0" conditionals="12" coveredconditionals="0" methods="13" coveredmethods="0"/>
          <line num="1" count="0" type="stmt"/>
          <line num="4" count="0" type="cond" truecount="0" falsecount="4"/>
          <line num="6" count="0" type="stmt"/>
          <line num="21" count="0" type="stmt"/>
          <line num="29" count="0" type="stmt"/>
          <line num="30" count="0" type="stmt"/>
          <line num="34" count="0" type="stmt"/>
          <line num="35" count="0" type="stmt"/>
          <line num="36" count="0" type="stmt"/>
          <line num="37" count="0" type="stmt"/>
          <line num="38" count="0" type="stmt"/>
          <line num="39" count="0" type="stmt"/>
          <line num="46" count="0" type="stmt"/>
          <line num="48" count="0" type="cond" truecount="0" falsecount="2"/>
          <line num="49" count="0" type="stmt"/>
          <line num="51" count="0" type="cond" truecount="0" falsecount="2"/>
          <line num="52" count="0" type="stmt"/>
          <line num="55" count="0" type="stmt"/>
          <line num="56" count="0" type="cond" truecount="0" falsecount="2"/>
          <line num="57" count="0" type="cond" truecount="0" falsecount="2"/>
          <line num="59" count="0" type="stmt"/>
          <line num="75" count="0" type="stmt"/>
          <line num="80" count="0" type="stmt"/>
          <line num="81" count="0" type="stmt"/>
          <line num="82" count="0" type="stmt"/>
          <line num="83" count="0" type="stmt"/>
          <line num="84" count="0" type="stmt"/>
          <line num="85" count="0" type="stmt"/>
          <line num="91" count="0" type="stmt"/>
          <line num="96" count="0" type="stmt"/>
          <line num="97" count="0" type="stmt"/>
        </file>
      </package>
      <package name="src.pages">
        <metrics statements="2" coveredstatements="0" conditionals="4" coveredconditionals="0" methods="2" coveredmethods="0"/>
        <file name="ListAuctions.jsx" path="/Users/joshpitzalis/Desktop/auction/src/pages/ListAuctions.jsx">
          <metrics statements="2" coveredstatements="0" conditionals="4" coveredconditionals="0" methods="2" coveredmethods="0"/>
          <line num="1" count="0" type="cond" truecount="0" falsecount="4"/>
          <line num="8" count="0" type="stmt"/>
        </file>
      </package>
      <package name="src.pages.Auction">
        <metrics statements="37" coveredstatements="7" conditionals="13" coveredconditionals="0" methods="13" coveredmethods="3"/>
        <file name="helpers.js" path="/Users/joshpitzalis/Desktop/auction/src/pages/Auction/helpers.js">
          <metrics statements="30" coveredstatements="0" conditionals="13" coveredconditionals="0" methods="10" coveredmethods="0"/>
          <line num="1" count="0" type="stmt"/>
          <line num="2" count="0" type="stmt"/>
          <line num="3" count="0" type="stmt"/>
          <line num="4" count="0" type="cond" truecount="0" falsecount="2"/>
          <line num="5" count="0" type="stmt"/>
          <line num="9" count="0" type="stmt"/>
          <line num="10" count="0" type="stmt"/>
          <line num="11" count="0" type="stmt"/>
          <line num="12" count="0" type="cond" truecount="0" falsecount="2"/>
          <line num="13" count="0" type="stmt"/>
          <line num="14" count="0" type="stmt"/>
          <line num="18" count="0" type="stmt"/>
          <line num="19" count="0" type="cond" truecount="0" falsecount="7"/>
          <line num="21" count="0" type="stmt"/>
          <line num="23" count="0" type="stmt"/>
          <line num="25" count="0" type="stmt"/>
          <line num="27" count="0" type="stmt"/>
          <line num="29" count="0" type="stmt"/>
          <line num="31" count="0" type="stmt"/>
          <line num="33" count="0" type="stmt"/>
          <line num="37" count="0" type="stmt"/>
          <line num="38" count="0" type="stmt"/>
          <line num="39" count="0" type="stmt"/>
          <line num="40" count="0" type="cond" truecount="0" falsecount="2"/>
          <line num="41" count="0" type="stmt"/>
          <line num="42" count="0" type="stmt"/>
          <line num="46" count="0" type="stmt"/>
          <line num="50" count="0" type="stmt"/>
          <line num="51" count="0" type="stmt"/>
          <line num="52" count="0" type="stmt"/>
        </file>
        <file name="index.jsx" path="/Users/joshpitzalis/Desktop/auction/src/pages/Auction/index.jsx">
          <metrics statements="7" coveredstatements="7" conditionals="0" coveredconditionals="0" methods="3" coveredmethods="3"/>
          <line num="15" count="1" type="stmt"/>
          <line num="23" count="1" type="stmt"/>
          <line num="29" count="1" type="stmt"/>
          <line num="66" count="5" type="stmt"/>
          <line num="68" count="5" type="stmt"/>
          <line num="119" count="5" type="stmt"/>
          <line num="120" count="5" type="stmt"/>
        </file>
      </package>
      <package name="src.pages.Create">
        <metrics statements="41" coveredstatements="20" conditionals="4" coveredconditionals="0" methods="28" coveredmethods="14"/>
        <file name="Mint.jsx" path="/Users/joshpitzalis/Desktop/auction/src/pages/Create/Mint.jsx">
          <metrics statements="22" coveredstatements="6" conditionals="2" coveredconditionals="0" methods="14" coveredmethods="3"/>
          <line num="4" count="1" type="stmt"/>
          <line num="6" count="1" type="stmt"/>
          <line num="45" count="3" type="stmt"/>
          <line num="46" count="0" type="stmt"/>
          <line num="50" count="3" type="stmt"/>
          <line num="60" count="0" type="stmt"/>
          <line num="61" count="0" type="stmt"/>
          <line num="64" count="0" type="stmt"/>
          <line num="70" count="0" type="cond" truecount="0" falsecount="2"/>
          <line num="71" count="0" type="stmt"/>
          <line num="75" count="0" type="stmt"/>
          <line num="87" count="0" type="stmt"/>
          <line num="90" count="0" type="stmt"/>
          <line num="91" count="0" type="stmt"/>
          <line num="92" count="0" type="stmt"/>
          <line num="93" count="0" type="stmt"/>
          <line num="94" count="0" type="stmt"/>
          <line num="96" count="3" type="stmt"/>
          <line num="99" count="6" type="stmt"/>
          <line num="107" count="0" type="stmt"/>
          <line num="108" count="0" type="stmt"/>
          <line num="194" count="0" type="stmt"/>
        </file>
        <file name="helpers.js" path="/Users/joshpitzalis/Desktop/auction/src/pages/Create/helpers.js">
          <metrics statements="5" coveredstatements="0" conditionals="2" coveredconditionals="0" methods="3" coveredmethods="0"/>
          <line num="1" count="0" type="stmt"/>
          <line num="6" count="0" type="stmt"/>
          <line num="7" count="0" type="stmt"/>
          <line num="8" count="0" type="cond" truecount="0" falsecount="2"/>
          <line num="9" count="0" type="stmt"/>
        </file>
        <file name="index.jsx" path="/Users/joshpitzalis/Desktop/auction/src/pages/Create/index.jsx">
          <metrics statements="14" coveredstatements="14" conditionals="0" coveredconditionals="0" methods="11" coveredmethods="11"/>
          <line num="8" count="1" type="stmt"/>
          <line num="28" count="6" type="stmt"/>
          <line num="35" count="9" type="stmt"/>
          <line num="36" count="9" type="stmt"/>
          <line num="38" count="9" type="stmt"/>
          <line num="49" count="1" type="stmt"/>
          <line num="58" count="1" type="stmt"/>
          <line num="73" count="1" type="stmt"/>
          <line num="84" count="1" type="stmt"/>
          <line num="95" count="1" type="stmt"/>
          <line num="106" count="1" type="stmt"/>
          <line num="115" count="1" type="stmt"/>
          <line num="131" count="1" type="stmt"/>
          <line num="141" count="1" type="stmt"/>
        </file>
      </package>
      <package name="src.utils">
        <metrics statements="14" coveredstatements="2" conditionals="2" coveredconditionals="0" methods="2" coveredmethods="1"/>
        <file name="getWeb3.js" path="/Users/joshpitzalis/Desktop/auction/src/utils/getWeb3.js">
          <metrics statements="14" coveredstatements="2" conditionals="2" coveredconditionals="0" methods="2" coveredmethods="1"/>
          <line num="3" count="1" type="stmt"/>
          <line num="5" count="1" type="stmt"/>
          <line num="7" count="0" type="stmt"/>
          <line num="10" count="0" type="cond" truecount="0" falsecount="2"/>
          <line num="12" count="0" type="stmt"/>
          <line num="13" count="0" type="stmt"/>
          <line num="15" count="0" type="stmt"/>
          <line num="19" count="0" type="stmt"/>
          <line num="21" count="0" type="stmt"/>
          <line num="26" count="0" type="stmt"/>
          <line num="28" count="0" type="stmt"/>
          <line num="30" count="0" type="stmt"/>
          <line num="34" count="0" type="stmt"/>
          <line num="36" count="0" type="stmt"/>
        </file>
      </package>
    </metrics>
  </project>
</coverage>
