{"/Users/joshpitzalis/Desktop/auction/src/App.jsx": {"path":"/Users/joshpitzalis/Desktop/auction/src/App.jsx","statementMap":{"0":{"start":{"line":1,"column":39},"end":{"line":1,"column":101}},"1":{"start":{"line":1,"column":120},"end":{"line":1,"column":169}},"2":{"start":{"line":24,"column":197},"end":{"line":24,"column":251}},"3":{"start":{"line":24,"column":302},"end":{"line":24,"column":355}},"4":{"start":{"line":25,"column":42},"end":{"line":25,"column":89}},"5":{"start":{"line":28,"column":47},"end":{"line":33,"column":1}},"6":{"start":{"line":37,"column":4},"end":{"line":37,"column":17}},"7":{"start":{"line":209,"column":6},"end":{"line":209,"column":221}},"8":{"start":{"line":209,"column":254},"end":{"line":209,"column":362}},"9":{"start":{"line":209,"column":363},"end":{"line":209,"column":470}},"10":{"start":{"line":209,"column":386},"end":{"line":209,"column":417}},"11":{"start":{"line":209,"column":431},"end":{"line":209,"column":468}},"12":{"start":{"line":211,"column":1356},"end":{"line":211,"column":1390}},"13":{"start":{"line":213,"column":4},"end":{"line":215,"column":109}},"14":{"start":{"line":217,"column":49},"end":{"line":218,"column":58}},"15":{"start":{"line":220,"column":16},"end":{"line":220,"column":40}},"16":{"start":{"line":221,"column":16},"end":{"line":221,"column":32}},"17":{"start":{"line":222,"column":15},"end":{"line":222,"column":38}},"18":{"start":{"line":223,"column":15},"end":{"line":223,"column":37}},"19":{"start":{"line":226,"column":4},"end":{"line":254,"column":237}}},"fnMap":{"0":{"name":"_interopRequireDefault","decl":{"start":{"line":24,"column":168},"end":{"line":24,"column":190}},"loc":{"start":{"line":24,"column":196},"end":{"line":24,"column":252}},"line":24},"1":{"name":"(anonymous_1)","decl":{"start":{"line":36,"column":2},"end":{"line":36,"column":3}},"loc":{"start":{"line":36,"column":21},"end":{"line":209,"column":222}},"line":36},"2":{"name":"(anonymous_2)","decl":{"start":{"line":209,"column":222},"end":{"line":209,"column":223}},"loc":{"start":{"line":209,"column":242},"end":{"line":211,"column":1332}},"line":209},"3":{"name":"(anonymous_3)","decl":{"start":{"line":209,"column":380},"end":{"line":209,"column":381}},"loc":{"start":{"line":209,"column":386},"end":{"line":209,"column":417}},"line":209},"4":{"name":"(anonymous_4)","decl":{"start":{"line":209,"column":425},"end":{"line":209,"column":426}},"loc":{"start":{"line":209,"column":431},"end":{"line":209,"column":468}},"line":209},"5":{"name":"(anonymous_5)","decl":{"start":{"line":211,"column":1332},"end":{"line":211,"column":1333}},"loc":{"start":{"line":211,"column":1355},"end":{"line":211,"column":1391}},"line":211},"6":{"name":"(anonymous_6)","decl":{"start":{"line":211,"column":1391},"end":{"line":211,"column":1392}},"loc":{"start":{"line":211,"column":1400},"end":{"line":257,"column":3}},"line":211}},"branchMap":{"0":{"loc":{"start":{"line":24,"column":204},"end":{"line":24,"column":250}},"type":"cond-expr","locations":[{"start":{"line":24,"column":228},"end":{"line":24,"column":231}},{"start":{"line":24,"column":234},"end":{"line":24,"column":250}}],"line":24},"1":{"loc":{"start":{"line":24,"column":204},"end":{"line":24,"column":225}},"type":"binary-expr","locations":[{"start":{"line":24,"column":204},"end":{"line":24,"column":207}},{"start":{"line":24,"column":211},"end":{"line":24,"column":225}}],"line":24},"2":{"loc":{"start":{"line":213,"column":4},"end":{"line":215,"column":108}},"type":"binary-expr","locations":[{"start":{"line":213,"column":4},"end":{"line":213,"column":29}},{"start":{"line":214,"column":4},"end":{"line":214,"column":46}}],"line":213}},"s":{"0":0,"1":0,"2":0,"3":0,"4":0,"5":0,"6":0,"7":0,"8":0,"9":0,"10":0,"11":0,"12":0,"13":0,"14":0,"15":0,"16":0,"17":0,"18":0,"19":0},"f":{"0":0,"1":0,"2":0,"3":0,"4":0,"5":0,"6":0},"b":{"0":[0,0],"1":[0,0],"2":[0,0]}}
,"/Users/joshpitzalis/Desktop/auction/src/Provider.jsx": {"path":"/Users/joshpitzalis/Desktop/auction/src/Provider.jsx","statementMap":{"0":{"start":{"line":10,"column":23},"end":{"line":10,"column":44}},"1":{"start":{"line":98,"column":4},"end":{"line":101,"column":7}},"2":{"start":{"line":99,"column":6},"end":{"line":100,"column":32}},"3":{"start":{"line":99,"column":18},"end":{"line":99,"column":69}},"4":{"start":{"line":100,"column":11},"end":{"line":100,"column":32}},"5":{"start":{"line":105,"column":4},"end":{"line":109,"column":7}},"6":{"start":{"line":106,"column":6},"end":{"line":106,"column":45}},"7":{"start":{"line":107,"column":6},"end":{"line":108,"column":32}},"8":{"start":{"line":107,"column":18},"end":{"line":107,"column":59}},"9":{"start":{"line":108,"column":11},"end":{"line":108,"column":32}},"10":{"start":{"line":113,"column":4},"end":{"line":113,"column":23}},"11":{"start":{"line":115,"column":4},"end":{"line":125,"column":7}},"12":{"start":{"line":116,"column":6},"end":{"line":124,"column":34}},"13":{"start":{"line":117,"column":57},"end":{"line":117,"column":63}},"14":{"start":{"line":118,"column":8},"end":{"line":123,"column":11}},"15":{"start":{"line":124,"column":13},"end":{"line":124,"column":34}},"16":{"start":{"line":129,"column":33},"end":{"line":129,"column":69}},"17":{"start":{"line":131,"column":39},"end":{"line":134,"column":5}},"18":{"start":{"line":136,"column":25},"end":{"line":136,"column":53}},"19":{"start":{"line":137,"column":31},"end":{"line":140,"column":5}},"20":{"start":{"line":142,"column":4},"end":{"line":151,"column":6}},"21":{"start":{"line":144,"column":67},"end":{"line":144,"column":73}},"22":{"start":{"line":146,"column":8},"end":{"line":149,"column":11}},"23":{"start":{"line":160,"column":4},"end":{"line":160,"column":67}}},"fnMap":{"0":{"name":"(anonymous_0)","decl":{"start":{"line":97,"column":19},"end":{"line":97,"column":20}},"loc":{"start":{"line":97,"column":57},"end":{"line":102,"column":3}},"line":97},"1":{"name":"(anonymous_1)","decl":{"start":{"line":98,"column":53},"end":{"line":98,"column":54}},"loc":{"start":{"line":98,"column":72},"end":{"line":101,"column":5}},"line":98},"2":{"name":"(anonymous_2)","decl":{"start":{"line":104,"column":18},"end":{"line":104,"column":19}},"loc":{"start":{"line":104,"column":56},"end":{"line":110,"column":3}},"line":104},"3":{"name":"(anonymous_3)","decl":{"start":{"line":105,"column":51},"end":{"line":105,"column":52}},"loc":{"start":{"line":105,"column":70},"end":{"line":109,"column":5}},"line":105},"4":{"name":"(anonymous_4)","decl":{"start":{"line":112,"column":25},"end":{"line":112,"column":26}},"loc":{"start":{"line":112,"column":63},"end":{"line":126,"column":3}},"line":112},"5":{"name":"(anonymous_5)","decl":{"start":{"line":115,"column":43},"end":{"line":115,"column":44}},"loc":{"start":{"line":115,"column":62},"end":{"line":125,"column":5}},"line":115},"6":{"name":"(anonymous_6)","decl":{"start":{"line":128,"column":25},"end":{"line":128,"column":26}},"loc":{"start":{"line":128,"column":34},"end":{"line":152,"column":3}},"line":128},"7":{"name":"(anonymous_7)","decl":{"start":{"line":143,"column":6},"end":{"line":143,"column":7}},"loc":{"start":{"line":143,"column":16},"end":{"line":150,"column":7}},"line":143},"8":{"name":"(anonymous_8)","decl":{"start":{"line":159,"column":2},"end":{"line":159,"column":3}},"loc":{"start":{"line":159,"column":11},"end":{"line":161,"column":3}},"line":159}},"branchMap":{"0":{"loc":{"start":{"line":99,"column":6},"end":{"line":100,"column":32}},"type":"if","locations":[{"start":{"line":99,"column":6},"end":{"line":100,"column":32}},{"start":{"line":99,"column":6},"end":{"line":100,"column":32}}],"line":99},"1":{"loc":{"start":{"line":107,"column":6},"end":{"line":108,"column":32}},"type":"if","locations":[{"start":{"line":107,"column":6},"end":{"line":108,"column":32}},{"start":{"line":107,"column":6},"end":{"line":108,"column":32}}],"line":107},"2":{"loc":{"start":{"line":116,"column":6},"end":{"line":124,"column":34}},"type":"if","locations":[{"start":{"line":116,"column":6},"end":{"line":124,"column":34}},{"start":{"line":116,"column":6},"end":{"line":124,"column":34}}],"line":116}},"s":{"0":1,"1":0,"2":0,"3":0,"4":0,"5":0,"6":0,"7":0,"8":0,"9":0,"10":0,"11":0,"12":0,"13":0,"14":0,"15":0,"16":0,"17":0,"18":0,"19":0,"20":0,"21":0,"22":0,"23":0},"f":{"0":0,"1":0,"2":0,"3":0,"4":0,"5":0,"6":0,"7":0,"8":0},"b":{"0":[0,0],"1":[0,0],"2":[0,0]},"_coverageSchema":"332fd63041d2c1bcb487cc26dd0d5f7d97098a6c","hash":"2bbde2daaf00a806d1f5416721141687c59d7b6c"}
,"/Users/joshpitzalis/Desktop/auction/src/index.js": {"path":"/Users/joshpitzalis/Desktop/auction/src/index.js","statementMap":{"0":{"start":{"line":1,"column":58},"end":{"line":1,"column":108}},"1":{"start":{"line":4,"column":180},"end":{"line":4,"column":234}}},"fnMap":{"0":{"name":"_interopRequireDefault","decl":{"start":{"line":4,"column":151},"end":{"line":4,"column":173}},"loc":{"start":{"line":4,"column":179},"end":{"line":4,"column":235}},"line":4}},"branchMap":{"0":{"loc":{"start":{"line":4,"column":187},"end":{"line":4,"column":233}},"type":"cond-expr","locations":[{"start":{"line":4,"column":211},"end":{"line":4,"column":214}},{"start":{"line":4,"column":217},"end":{"line":4,"column":233}}],"line":4},"1":{"loc":{"start":{"line":4,"column":187},"end":{"line":4,"column":208}},"type":"binary-expr","locations":[{"start":{"line":4,"column":187},"end":{"line":4,"column":190}},{"start":{"line":4,"column":194},"end":{"line":4,"column":208}}],"line":4}},"s":{"0":0,"1":0},"f":{"0":0},"b":{"0":[0,0],"1":[0,0]}}
,"/Users/joshpitzalis/Desktop/auction/src/routes.js": {"path":"/Users/joshpitzalis/Desktop/auction/src/routes.js","statementMap":{"0":{"start":{"line":1,"column":39},"end":{"line":1,"column":101}},"1":{"start":{"line":1,"column":101},"end":{"line":1,"column":128}},"2":{"start":{"line":1,"column":147},"end":{"line":1,"column":198}},"3":{"start":{"line":5,"column":182},"end":{"line":5,"column":236}},"4":{"start":{"line":7,"column":41},"end":{"line":15,"column":541}},"5":{"start":{"line":8,"column":26},"end":{"line":15,"column":541}},"6":{"start":{"line":13,"column":46},"end":{"line":13,"column":276}},"7":{"start":{"line":15,"column":234},"end":{"line":15,"column":463}}},"fnMap":{"0":{"name":"_interopRequireDefault","decl":{"start":{"line":5,"column":153},"end":{"line":5,"column":175}},"loc":{"start":{"line":5,"column":181},"end":{"line":5,"column":237}},"line":5},"1":{"name":"(anonymous_1)","decl":{"start":{"line":7,"column":58},"end":{"line":7,"column":59}},"loc":{"start":{"line":8,"column":26},"end":{"line":15,"column":541}},"line":8},"2":{"name":"(anonymous_2)","decl":{"start":{"line":13,"column":14},"end":{"line":13,"column":15}},"loc":{"start":{"line":13,"column":46},"end":{"line":13,"column":276}},"line":13},"3":{"name":"(anonymous_3)","decl":{"start":{"line":15,"column":202},"end":{"line":15,"column":203}},"loc":{"start":{"line":15,"column":234},"end":{"line":15,"column":463}},"line":15}},"branchMap":{"0":{"loc":{"start":{"line":5,"column":189},"end":{"line":5,"column":235}},"type":"cond-expr","locations":[{"start":{"line":5,"column":213},"end":{"line":5,"column":216}},{"start":{"line":5,"column":219},"end":{"line":5,"column":235}}],"line":5},"1":{"loc":{"start":{"line":5,"column":189},"end":{"line":5,"column":210}},"type":"binary-expr","locations":[{"start":{"line":5,"column":189},"end":{"line":5,"column":192}},{"start":{"line":5,"column":196},"end":{"line":5,"column":210}}],"line":5}},"s":{"0":0,"1":0,"2":0,"3":0,"4":0,"5":0,"6":0,"7":0},"f":{"0":0,"1":0,"2":0,"3":0},"b":{"0":[0,0],"1":[0,0]}}
,"/Users/joshpitzalis/Desktop/auction/src/components/AuctionBox.jsx": {"path":"/Users/joshpitzalis/Desktop/auction/src/components/AuctionBox.jsx","statementMap":{"0":{"start":{"line":8,"column":21},"end":{"line":12,"column":1}},"1":{"start":{"line":14,"column":15},"end":{"line":27,"column":1}},"2":{"start":{"line":29,"column":29},"end":{"line":36,"column":1}},"3":{"start":{"line":60,"column":8},"end":{"line":60,"column":18}},"4":{"start":{"line":62,"column":4},"end":{"line":64,"column":5}},"5":{"start":{"line":63,"column":6},"end":{"line":63,"column":65}},"6":{"start":{"line":65,"column":4},"end":{"line":97,"column":6}},"7":{"start":{"line":85,"column":29},"end":{"line":85,"column":63}}},"fnMap":{"0":{"name":"(anonymous_0)","decl":{"start":{"line":48,"column":2},"end":{"line":48,"column":3}},"loc":{"start":{"line":48,"column":11},"end":{"line":98,"column":3}},"line":48},"1":{"name":"(anonymous_1)","decl":{"start":{"line":85,"column":23},"end":{"line":85,"column":24}},"loc":{"start":{"line":85,"column":29},"end":{"line":85,"column":63}},"line":85}},"branchMap":{"0":{"loc":{"start":{"line":62,"column":4},"end":{"line":64,"column":5}},"type":"if","locations":[{"start":{"line":62,"column":4},"end":{"line":64,"column":5}},{"start":{"line":62,"column":4},"end":{"line":64,"column":5}}],"line":62}},"s":{"0":1,"1":1,"2":1,"3":5,"4":5,"5":0,"6":5,"7":1},"f":{"0":5,"1":1},"b":{"0":[0,5]},"_coverageSchema":"332fd63041d2c1bcb487cc26dd0d5f7d97098a6c","hash":"b7850342ca7924e0ac2d67d81fd8570303da4299"}
,"/Users/joshpitzalis/Desktop/auction/src/components/AuctionImage.jsx": {"path":"/Users/joshpitzalis/Desktop/auction/src/components/AuctionImage.jsx","statementMap":{"0":{"start":{"line":5,"column":14},"end":{"line":8,"column":1}},"1":{"start":{"line":14,"column":4},"end":{"line":20,"column":6}}},"fnMap":{"0":{"name":"(anonymous_0)","decl":{"start":{"line":13,"column":2},"end":{"line":13,"column":3}},"loc":{"start":{"line":13,"column":11},"end":{"line":21,"column":3}},"line":13}},"branchMap":{},"s":{"0":1,"1":5},"f":{"0":5},"b":{},"_coverageSchema":"332fd63041d2c1bcb487cc26dd0d5f7d97098a6c","hash":"bd16b240fae0843984bd3bbe6afdf44bab13e746"}
,"/Users/joshpitzalis/Desktop/auction/src/components/CountdownTimer.jsx": {"path":"/Users/joshpitzalis/Desktop/auction/src/components/CountdownTimer.jsx","statementMap":{"0":{"start":{"line":6,"column":22},"end":{"line":8,"column":1}},"1":{"start":{"line":18,"column":4},"end":{"line":24,"column":6}},"2":{"start":{"line":20,"column":8},"end":{"line":22,"column":10}},"3":{"start":{"line":27,"column":33},"end":{"line":27,"column":70}},"4":{"start":{"line":30,"column":4},"end":{"line":30,"column":62}},"5":{"start":{"line":33,"column":4},"end":{"line":33,"column":52}},"6":{"start":{"line":35,"column":36},"end":{"line":35,"column":72}},"7":{"start":{"line":38,"column":4},"end":{"line":38,"column":33}},"8":{"start":{"line":42,"column":23},"end":{"line":42,"column":33}},"9":{"start":{"line":43,"column":23},"end":{"line":43,"column":33}},"10":{"start":{"line":45,"column":4},"end":{"line":93,"column":6}}},"fnMap":{"0":{"name":"(anonymous_0)","decl":{"start":{"line":17,"column":2},"end":{"line":17,"column":3}},"loc":{"start":{"line":17,"column":22},"end":{"line":25,"column":3}},"line":17},"1":{"name":"(anonymous_1)","decl":{"start":{"line":19,"column":6},"end":{"line":19,"column":7}},"loc":{"start":{"line":20,"column":8},"end":{"line":22,"column":10}},"line":20},"2":{"name":"(anonymous_2)","decl":{"start":{"line":27,"column":28},"end":{"line":27,"column":29}},"loc":{"start":{"line":27,"column":33},"end":{"line":27,"column":70}},"line":27},"3":{"name":"(anonymous_3)","decl":{"start":{"line":29,"column":29},"end":{"line":29,"column":30}},"loc":{"start":{"line":30,"column":4},"end":{"line":30,"column":62}},"line":30},"4":{"name":"(anonymous_4)","decl":{"start":{"line":32,"column":31},"end":{"line":32,"column":32}},"loc":{"start":{"line":33,"column":4},"end":{"line":33,"column":52}},"line":33},"5":{"name":"(anonymous_5)","decl":{"start":{"line":35,"column":31},"end":{"line":35,"column":32}},"loc":{"start":{"line":35,"column":36},"end":{"line":35,"column":72}},"line":35},"6":{"name":"(anonymous_6)","decl":{"start":{"line":37,"column":2},"end":{"line":37,"column":3}},"loc":{"start":{"line":37,"column":25},"end":{"line":39,"column":3}},"line":37},"7":{"name":"(anonymous_7)","decl":{"start":{"line":41,"column":2},"end":{"line":41,"column":3}},"loc":{"start":{"line":41,"column":11},"end":{"line":94,"column":3}},"line":41}},"branchMap":{"0":{"loc":{"start":{"line":51,"column":9},"end":{"line":91,"column":9}},"type":"binary-expr","locations":[{"start":{"line":51,"column":9},"end":{"line":51,"column":24}},{"start":{"line":52,"column":10},"end":{"line":90,"column":16}}],"line":51},"1":{"loc":{"start":{"line":55,"column":17},"end":{"line":55,"column":74}},"type":"cond-expr","locations":[{"start":{"line":55,"column":32},"end":{"line":55,"column":70}},{"start":{"line":55,"column":73},"end":{"line":55,"column":74}}],"line":55},"2":{"loc":{"start":{"line":59,"column":17},"end":{"line":59,"column":78}},"type":"cond-expr","locations":[{"start":{"line":59,"column":64},"end":{"line":59,"column":69}},{"start":{"line":59,"column":72},"end":{"line":59,"column":78}}],"line":59},"3":{"loc":{"start":{"line":64,"column":17},"end":{"line":64,"column":75}},"type":"cond-expr","locations":[{"start":{"line":64,"column":32},"end":{"line":64,"column":71}},{"start":{"line":64,"column":74},"end":{"line":64,"column":75}}],"line":64},"4":{"loc":{"start":{"line":67,"column":17},"end":{"line":69,"column":27}},"type":"cond-expr","locations":[{"start":{"line":68,"column":20},"end":{"line":68,"column":26}},{"start":{"line":69,"column":20},"end":{"line":69,"column":27}}],"line":67},"5":{"loc":{"start":{"line":74,"column":17},"end":{"line":74,"column":77}},"type":"cond-expr","locations":[{"start":{"line":74,"column":32},"end":{"line":74,"column":73}},{"start":{"line":74,"column":76},"end":{"line":74,"column":77}}],"line":74},"6":{"loc":{"start":{"line":77,"column":17},"end":{"line":79,"column":29}},"type":"cond-expr","locations":[{"start":{"line":78,"column":20},"end":{"line":78,"column":28}},{"start":{"line":79,"column":20},"end":{"line":79,"column":29}}],"line":77},"7":{"loc":{"start":{"line":84,"column":17},"end":{"line":84,"column":77}},"type":"cond-expr","locations":[{"start":{"line":84,"column":32},"end":{"line":84,"column":73}},{"start":{"line":84,"column":76},"end":{"line":84,"column":77}}],"line":84},"8":{"loc":{"start":{"line":87,"column":17},"end":{"line":87,"column":54}},"type":"cond-expr","locations":[{"start":{"line":87,"column":34},"end":{"line":87,"column":42}},{"start":{"line":87,"column":45},"end":{"line":87,"column":54}}],"line":87}},"s":{"0":1,"1":5,"2":2,"3":4,"4":4,"5":4,"6":2,"7":5,"8":7,"9":7,"10":7},"f":{"0":5,"1":2,"2":4,"3":4,"4":4,"5":2,"6":5,"7":7},"b":{"0":[7,2],"1":[2,0],"2":[2,0],"3":[2,0],"4":[0,2],"5":[2,0],"6":[0,2],"7":[2,0],"8":[0,2]},"_coverageSchema":"332fd63041d2c1bcb487cc26dd0d5f7d97098a6c","hash":"a44c7877c59d795f7f39dbc8db926d0207b00ffc"}
,"/Users/joshpitzalis/Desktop/auction/src/components/FAQ.jsx": {"path":"/Users/joshpitzalis/Desktop/auction/src/components/FAQ.jsx","statementMap":{"0":{"start":{"line":7,"column":4},"end":{"line":27,"column":6}}},"fnMap":{"0":{"name":"(anonymous_0)","decl":{"start":{"line":6,"column":2},"end":{"line":6,"column":3}},"loc":{"start":{"line":6,"column":11},"end":{"line":28,"column":3}},"line":6}},"branchMap":{},"s":{"0":5},"f":{"0":5},"b":{},"_coverageSchema":"332fd63041d2c1bcb487cc26dd0d5f7d97098a6c","hash":"39a13be2c4c8fb2049b817c1d023638eb68d9462"}
,"/Users/joshpitzalis/Desktop/auction/src/components/Footer.jsx": {"path":"/Users/joshpitzalis/Desktop/auction/src/components/Footer.jsx","statementMap":{"0":{"start":{"line":1,"column":39},"end":{"line":1,"column":101}},"1":{"start":{"line":1,"column":120},"end":{"line":1,"column":183}},"2":{"start":{"line":3,"column":211},"end":{"line":3,"column":265}},"3":{"start":{"line":5,"column":47},"end":{"line":9,"column":1}},"4":{"start":{"line":11,"column":50},"end":{"line":16,"column":1}},"5":{"start":{"line":22,"column":4},"end":{"line":195,"column":298}}},"fnMap":{"0":{"name":"_interopRequireDefault","decl":{"start":{"line":3,"column":182},"end":{"line":3,"column":204}},"loc":{"start":{"line":3,"column":210},"end":{"line":3,"column":266}},"line":3},"1":{"name":"(anonymous_1)","decl":{"start":{"line":21,"column":2},"end":{"line":21,"column":3}},"loc":{"start":{"line":21,"column":11},"end":{"line":201,"column":3}},"line":21}},"branchMap":{"0":{"loc":{"start":{"line":3,"column":218},"end":{"line":3,"column":264}},"type":"cond-expr","locations":[{"start":{"line":3,"column":242},"end":{"line":3,"column":245}},{"start":{"line":3,"column":248},"end":{"line":3,"column":264}}],"line":3},"1":{"loc":{"start":{"line":3,"column":218},"end":{"line":3,"column":239}},"type":"binary-expr","locations":[{"start":{"line":3,"column":218},"end":{"line":3,"column":221}},{"start":{"line":3,"column":225},"end":{"line":3,"column":239}}],"line":3}},"s":{"0":0,"1":0,"2":0,"3":0,"4":0,"5":0},"f":{"0":0,"1":0},"b":{"0":[0,0],"1":[0,0]}}
,"/Users/joshpitzalis/Desktop/auction/src/components/Gembox.jsx": {"path":"/Users/joshpitzalis/Desktop/auction/src/components/Gembox.jsx","statementMap":{"0":{"start":{"line":8,"column":16},"end":{"line":13,"column":1}},"1":{"start":{"line":15,"column":12},"end":{"line":35,"column":1}},"2":{"start":{"line":16,"column":2},"end":{"line":34,"column":4}},"3":{"start":{"line":45,"column":4},"end":{"line":66,"column":5}},"4":{"start":{"line":47,"column":8},"end":{"line":47,"column":19}},"5":{"start":{"line":48,"column":8},"end":{"line":48,"column":14}},"6":{"start":{"line":50,"column":8},"end":{"line":50,"column":19}},"7":{"start":{"line":51,"column":8},"end":{"line":51,"column":14}},"8":{"start":{"line":53,"column":8},"end":{"line":53,"column":19}},"9":{"start":{"line":54,"column":8},"end":{"line":54,"column":14}},"10":{"start":{"line":56,"column":8},"end":{"line":56,"column":19}},"11":{"start":{"line":57,"column":8},"end":{"line":57,"column":14}},"12":{"start":{"line":59,"column":8},"end":{"line":59,"column":20}},"13":{"start":{"line":60,"column":8},"end":{"line":60,"column":14}},"14":{"start":{"line":62,"column":8},"end":{"line":62,"column":21}},"15":{"start":{"line":63,"column":8},"end":{"line":63,"column":14}},"16":{"start":{"line":65,"column":8},"end":{"line":65,"column":21}},"17":{"start":{"line":69,"column":26},"end":{"line":69,"column":56}},"18":{"start":{"line":72,"column":33},"end":{"line":72,"column":43}},"19":{"start":{"line":73,"column":4},"end":{"line":79,"column":6}}},"fnMap":{"0":{"name":"(anonymous_0)","decl":{"start":{"line":15,"column":12},"end":{"line":15,"column":13}},"loc":{"start":{"line":15,"column":44},"end":{"line":35,"column":1}},"line":15},"1":{"name":"(anonymous_1)","decl":{"start":{"line":44,"column":19},"end":{"line":44,"column":20}},"loc":{"start":{"line":44,"column":33},"end":{"line":67,"column":3}},"line":44},"2":{"name":"(anonymous_2)","decl":{"start":{"line":69,"column":18},"end":{"line":69,"column":19}},"loc":{"start":{"line":69,"column":26},"end":{"line":69,"column":56}},"line":69},"3":{"name":"(anonymous_3)","decl":{"start":{"line":71,"column":2},"end":{"line":71,"column":3}},"loc":{"start":{"line":71,"column":11},"end":{"line":80,"column":3}},"line":71}},"branchMap":{"0":{"loc":{"start":{"line":30,"column":11},"end":{"line":30,"column":54}},"type":"cond-expr","locations":[{"start":{"line":30,"column":32},"end":{"line":30,"column":45}},{"start":{"line":30,"column":48},"end":{"line":30,"column":54}}],"line":30},"1":{"loc":{"start":{"line":45,"column":4},"end":{"line":66,"column":5}},"type":"switch","locations":[{"start":{"line":46,"column":6},"end":{"line":48,"column":14}},{"start":{"line":49,"column":6},"end":{"line":51,"column":14}},{"start":{"line":52,"column":6},"end":{"line":54,"column":14}},{"start":{"line":55,"column":6},"end":{"line":57,"column":14}},{"start":{"line":58,"column":6},"end":{"line":60,"column":14}},{"start":{"line":61,"column":6},"end":{"line":63,"column":14}},{"start":{"line":64,"column":6},"end":{"line":65,"column":21}}],"line":45}},"s":{"0":1,"1":1,"2":15,"3":5,"4":0,"5":0,"6":0,"7":0,"8":0,"9":0,"10":0,"11":0,"12":0,"13":0,"14":0,"15":0,"16":5,"17":5,"18":5,"19":5},"f":{"0":15,"1":5,"2":5,"3":5},"b":{"0":[5,10],"1":[0,0,0,0,0,0,5]},"_coverageSchema":"332fd63041d2c1bcb487cc26dd0d5f7d97098a6c","hash":"c8e17d62e7a88bf597d946954699fee45a63a548"}
,"/Users/joshpitzalis/Desktop/auction/src/components/MailingList.jsx": {"path":"/Users/joshpitzalis/Desktop/auction/src/components/MailingList.jsx","statementMap":{"0":{"start":{"line":5,"column":29},"end":{"line":10,"column":1}},"1":{"start":{"line":16,"column":4},"end":{"line":48,"column":6}}},"fnMap":{"0":{"name":"(anonymous_0)","decl":{"start":{"line":15,"column":2},"end":{"line":15,"column":3}},"loc":{"start":{"line":15,"column":11},"end":{"line":49,"column":3}},"line":15}},"branchMap":{},"s":{"0":1,"1":5},"f":{"0":5},"b":{},"_coverageSchema":"332fd63041d2c1bcb487cc26dd0d5f7d97098a6c","hash":"82c66136b77ecbc14d3032021b4b080edc88f6c6"}
,"/Users/joshpitzalis/Desktop/auction/src/components/MobileHeader.jsx": {"path":"/Users/joshpitzalis/Desktop/auction/src/components/MobileHeader.jsx","statementMap":{"0":{"start":{"line":1,"column":39},"end":{"line":1,"column":101}},"1":{"start":{"line":1,"column":120},"end":{"line":1,"column":189}},"2":{"start":{"line":4,"column":183},"end":{"line":4,"column":237}},"3":{"start":{"line":6,"column":43},"end":{"line":12,"column":1}},"4":{"start":{"line":22,"column":47},"end":{"line":22,"column":57}},"5":{"start":{"line":23,"column":4},"end":{"line":37,"column":282}}},"fnMap":{"0":{"name":"_interopRequireDefault","decl":{"start":{"line":4,"column":154},"end":{"line":4,"column":176}},"loc":{"start":{"line":4,"column":182},"end":{"line":4,"column":238}},"line":4},"1":{"name":"(anonymous_1)","decl":{"start":{"line":21,"column":2},"end":{"line":21,"column":3}},"loc":{"start":{"line":21,"column":11},"end":{"line":42,"column":3}},"line":21}},"branchMap":{"0":{"loc":{"start":{"line":4,"column":190},"end":{"line":4,"column":236}},"type":"cond-expr","locations":[{"start":{"line":4,"column":214},"end":{"line":4,"column":217}},{"start":{"line":4,"column":220},"end":{"line":4,"column":236}}],"line":4},"1":{"loc":{"start":{"line":4,"column":190},"end":{"line":4,"column":211}},"type":"binary-expr","locations":[{"start":{"line":4,"column":190},"end":{"line":4,"column":193}},{"start":{"line":4,"column":197},"end":{"line":4,"column":211}}],"line":4}},"s":{"0":0,"1":0,"2":0,"3":0,"4":0,"5":0},"f":{"0":0,"1":0},"b":{"0":[0,0],"1":[0,0]}}
,"/Users/joshpitzalis/Desktop/auction/src/components/Modal.jsx": {"path":"/Users/joshpitzalis/Desktop/auction/src/components/Modal.jsx","statementMap":{"0":{"start":{"line":1,"column":39},"end":{"line":1,"column":101}},"1":{"start":{"line":1,"column":101},"end":{"line":1,"column":155}},"2":{"start":{"line":3,"column":46},"end":{"line":18,"column":1}},"3":{"start":{"line":20,"column":46},"end":{"line":32,"column":1}}},"fnMap":{"0":{"name":"(anonymous_0)","decl":{"start":{"line":3,"column":68},"end":{"line":3,"column":69}},"loc":{"start":{"line":3,"column":97},"end":{"line":18,"column":1}},"line":3},"1":{"name":"(anonymous_1)","decl":{"start":{"line":20,"column":68},"end":{"line":20,"column":69}},"loc":{"start":{"line":20,"column":74},"end":{"line":32,"column":1}},"line":20}},"branchMap":{},"s":{"0":0,"1":0,"2":0,"3":0},"f":{"0":0,"1":0},"b":{}}
,"/Users/joshpitzalis/Desktop/auction/src/components/Nav.jsx": {"path":"/Users/joshpitzalis/Desktop/auction/src/components/Nav.jsx","statementMap":{"0":{"start":{"line":1,"column":39},"end":{"line":1,"column":101}},"1":{"start":{"line":1,"column":120},"end":{"line":1,"column":180}},"2":{"start":{"line":3,"column":209},"end":{"line":3,"column":263}},"3":{"start":{"line":5,"column":50},"end":{"line":9,"column":1}},"4":{"start":{"line":15,"column":4},"end":{"line":85,"column":181}}},"fnMap":{"0":{"name":"_interopRequireDefault","decl":{"start":{"line":3,"column":180},"end":{"line":3,"column":202}},"loc":{"start":{"line":3,"column":208},"end":{"line":3,"column":264}},"line":3},"1":{"name":"(anonymous_1)","decl":{"start":{"line":14,"column":2},"end":{"line":14,"column":3}},"loc":{"start":{"line":14,"column":11},"end":{"line":88,"column":3}},"line":14},"2":{"name":"(anonymous_2)","decl":{"start":{"line":33,"column":25},"end":{"line":33,"column":26}},"loc":{"start":{"line":33,"column":31},"end":{"line":33,"column":33}},"line":33},"3":{"name":"(anonymous_3)","decl":{"start":{"line":77,"column":25},"end":{"line":77,"column":26}},"loc":{"start":{"line":77,"column":31},"end":{"line":77,"column":33}},"line":77}},"branchMap":{"0":{"loc":{"start":{"line":3,"column":216},"end":{"line":3,"column":262}},"type":"cond-expr","locations":[{"start":{"line":3,"column":240},"end":{"line":3,"column":243}},{"start":{"line":3,"column":246},"end":{"line":3,"column":262}}],"line":3},"1":{"loc":{"start":{"line":3,"column":216},"end":{"line":3,"column":237}},"type":"binary-expr","locations":[{"start":{"line":3,"column":216},"end":{"line":3,"column":219}},{"start":{"line":3,"column":223},"end":{"line":3,"column":237}}],"line":3}},"s":{"0":0,"1":0,"2":0,"3":0,"4":0},"f":{"0":0,"1":0,"2":0,"3":0},"b":{"0":[0,0],"1":[0,0]}}
,"/Users/joshpitzalis/Desktop/auction/src/components/ProgressMeter.jsx": {"path":"/Users/joshpitzalis/Desktop/auction/src/components/ProgressMeter.jsx","statementMap":{"0":{"start":{"line":10,"column":47},"end":{"line":10,"column":57}},"1":{"start":{"line":11,"column":4},"end":{"line":26,"column":6}}},"fnMap":{"0":{"name":"(anonymous_0)","decl":{"start":{"line":9,"column":2},"end":{"line":9,"column":3}},"loc":{"start":{"line":9,"column":11},"end":{"line":27,"column":3}},"line":9}},"branchMap":{},"s":{"0":5,"1":5},"f":{"0":5},"b":{},"_coverageSchema":"332fd63041d2c1bcb487cc26dd0d5f7d97098a6c","hash":"7894b008d5bf9e3c7caf8c67d57594b4c494e18e"}
,"/Users/joshpitzalis/Desktop/auction/src/components/DescriptionBox/index.jsx": {"path":"/Users/joshpitzalis/Desktop/auction/src/components/DescriptionBox/index.jsx","statementMap":{"0":{"start":{"line":24,"column":4},"end":{"line":26,"column":5}},"1":{"start":{"line":25,"column":6},"end":{"line":25,"column":38}},"2":{"start":{"line":29,"column":26},"end":{"line":29,"column":56}},"3":{"start":{"line":32,"column":33},"end":{"line":32,"column":43}},"4":{"start":{"line":34,"column":4},"end":{"line":115,"column":6}},"5":{"start":{"line":121,"column":16},"end":{"line":126,"column":1}},"6":{"start":{"line":128,"column":20},"end":{"line":155,"column":1}},"7":{"start":{"line":129,"column":2},"end":{"line":154,"column":4}}},"fnMap":{"0":{"name":"(anonymous_0)","decl":{"start":{"line":23,"column":25},"end":{"line":23,"column":26}},"loc":{"start":{"line":23,"column":51},"end":{"line":27,"column":3}},"line":23},"1":{"name":"(anonymous_1)","decl":{"start":{"line":29,"column":18},"end":{"line":29,"column":19}},"loc":{"start":{"line":29,"column":26},"end":{"line":29,"column":56}},"line":29},"2":{"name":"(anonymous_2)","decl":{"start":{"line":31,"column":2},"end":{"line":31,"column":3}},"loc":{"start":{"line":31,"column":11},"end":{"line":116,"column":3}},"line":31},"3":{"name":"(anonymous_3)","decl":{"start":{"line":128,"column":20},"end":{"line":128,"column":21}},"loc":{"start":{"line":128,"column":72},"end":{"line":155,"column":1}},"line":128}},"branchMap":{"0":{"loc":{"start":{"line":24,"column":4},"end":{"line":26,"column":5}},"type":"if","locations":[{"start":{"line":24,"column":4},"end":{"line":26,"column":5}},{"start":{"line":24,"column":4},"end":{"line":26,"column":5}}],"line":24},"1":{"loc":{"start":{"line":61,"column":17},"end":{"line":109,"column":17}},"type":"binary-expr","locations":[{"start":{"line":61,"column":17},"end":{"line":61,"column":34}},{"start":{"line":62,"column":18},"end":{"line":108,"column":24}}],"line":61}},"s":{"0":2,"1":0,"2":0,"3":5,"4":5,"5":1,"6":1,"7":0},"f":{"0":2,"1":0,"2":5,"3":0},"b":{"0":[0,2],"1":[5,0]},"_coverageSchema":"332fd63041d2c1bcb487cc26dd0d5f7d97098a6c","hash":"3a03e7336ca52a25f121dbc59a57868fd0cc89c8"}
,"/Users/joshpitzalis/Desktop/auction/src/components/RippleButton/RippleButton.jsx": {"path":"/Users/joshpitzalis/Desktop/auction/src/components/RippleButton/RippleButton.jsx","statementMap":{"0":{"start":{"line":1,"column":39},"end":{"line":1,"column":101}},"1":{"start":{"line":1,"column":120},"end":{"line":1,"column":202}},"2":{"start":{"line":4,"column":211},"end":{"line":4,"column":265}},"3":{"start":{"line":6,"column":41},"end":{"line":19,"column":1}},"4":{"start":{"line":21,"column":17},"end":{"line":21,"column":20}},"5":{"start":{"line":29,"column":4},"end":{"line":29,"column":17}},"6":{"start":{"line":30,"column":4},"end":{"line":30,"column":43}},"7":{"start":{"line":34,"column":4},"end":{"line":42,"column":11}},"8":{"start":{"line":35,"column":6},"end":{"line":35,"column":46}},"9":{"start":{"line":36,"column":6},"end":{"line":41,"column":19}},"10":{"start":{"line":37,"column":8},"end":{"line":37,"column":48}},"11":{"start":{"line":38,"column":8},"end":{"line":40,"column":21}},"12":{"start":{"line":39,"column":10},"end":{"line":39,"column":39}},"13":{"start":{"line":46,"column":20},"end":{"line":46,"column":28}},"14":{"start":{"line":48,"column":4},"end":{"line":50,"column":5}},"15":{"start":{"line":49,"column":6},"end":{"line":49,"column":44}},"16":{"start":{"line":51,"column":4},"end":{"line":53,"column":5}},"17":{"start":{"line":52,"column":6},"end":{"line":52,"column":45}},"18":{"start":{"line":55,"column":18},"end":{"line":55,"column":20}},"19":{"start":{"line":56,"column":4},"end":{"line":56,"column":54}},"20":{"start":{"line":56,"column":25},"end":{"line":56,"column":54}},"21":{"start":{"line":57,"column":4},"end":{"line":57,"column":51}},"22":{"start":{"line":57,"column":24},"end":{"line":57,"column":51}},"23":{"start":{"line":59,"column":4},"end":{"line":59,"column":237}},"24":{"start":{"line":75,"column":4},"end":{"line":99,"column":89}},"25":{"start":{"line":80,"column":14},"end":{"line":80,"column":35}},"26":{"start":{"line":81,"column":27},"end":{"line":81,"column":63}},"27":{"start":{"line":82,"column":26},"end":{"line":82,"column":61}},"28":{"start":{"line":83,"column":25},"end":{"line":83,"column":49}},"29":{"start":{"line":84,"column":30},"end":{"line":84,"column":72}},"30":{"start":{"line":85,"column":14},"end":{"line":85,"column":41}},"31":{"start":{"line":91,"column":36},"end":{"line":99,"column":84}},"32":{"start":{"line":96,"column":14},"end":{"line":97,"column":68}},"33":{"start":{"line":96,"column":38},"end":{"line":97,"column":65}},"34":{"start":{"line":97,"column":51},"end":{"line":97,"column":62}}},"fnMap":{"0":{"name":"_interopRequireDefault","decl":{"start":{"line":4,"column":182},"end":{"line":4,"column":204}},"loc":{"start":{"line":4,"column":210},"end":{"line":4,"column":266}},"line":4},"1":{"name":"(anonymous_1)","decl":{"start":{"line":28,"column":2},"end":{"line":28,"column":3}},"loc":{"start":{"line":28,"column":21},"end":{"line":31,"column":3}},"line":28},"2":{"name":"(anonymous_2)","decl":{"start":{"line":33,"column":2},"end":{"line":33,"column":3}},"loc":{"start":{"line":33,"column":22},"end":{"line":43,"column":3}},"line":33},"3":{"name":"(anonymous_3)","decl":{"start":{"line":34,"column":15},"end":{"line":34,"column":16}},"loc":{"start":{"line":34,"column":21},"end":{"line":42,"column":5}},"line":34},"4":{"name":"(anonymous_4)","decl":{"start":{"line":36,"column":17},"end":{"line":36,"column":18}},"loc":{"start":{"line":36,"column":23},"end":{"line":41,"column":7}},"line":36},"5":{"name":"(anonymous_5)","decl":{"start":{"line":38,"column":19},"end":{"line":38,"column":20}},"loc":{"start":{"line":38,"column":25},"end":{"line":40,"column":9}},"line":38},"6":{"name":"(anonymous_6)","decl":{"start":{"line":45,"column":2},"end":{"line":45,"column":3}},"loc":{"start":{"line":45,"column":11},"end":{"line":60,"column":3}},"line":45},"7":{"name":"(anonymous_7)","decl":{"start":{"line":74,"column":2},"end":{"line":74,"column":3}},"loc":{"start":{"line":74,"column":11},"end":{"line":105,"column":3}},"line":74},"8":{"name":"(anonymous_8)","decl":{"start":{"line":79,"column":21},"end":{"line":79,"column":22}},"loc":{"start":{"line":79,"column":26},"end":{"line":86,"column":13}},"line":79},"9":{"name":"(anonymous_9)","decl":{"start":{"line":90,"column":33},"end":{"line":90,"column":34}},"loc":{"start":{"line":91,"column":36},"end":{"line":99,"column":84}},"line":91},"10":{"name":"(anonymous_10)","decl":{"start":{"line":95,"column":29},"end":{"line":95,"column":30}},"loc":{"start":{"line":95,"column":35},"end":{"line":99,"column":13}},"line":95},"11":{"name":"(anonymous_11)","decl":{"start":{"line":96,"column":28},"end":{"line":96,"column":29}},"loc":{"start":{"line":96,"column":38},"end":{"line":97,"column":65}},"line":96},"12":{"name":"(anonymous_12)","decl":{"start":{"line":97,"column":46},"end":{"line":97,"column":47}},"loc":{"start":{"line":97,"column":51},"end":{"line":97,"column":62}},"line":97}},"branchMap":{"0":{"loc":{"start":{"line":4,"column":218},"end":{"line":4,"column":264}},"type":"cond-expr","locations":[{"start":{"line":4,"column":242},"end":{"line":4,"column":245}},{"start":{"line":4,"column":248},"end":{"line":4,"column":264}}],"line":4},"1":{"loc":{"start":{"line":4,"column":218},"end":{"line":4,"column":239}},"type":"binary-expr","locations":[{"start":{"line":4,"column":218},"end":{"line":4,"column":221}},{"start":{"line":4,"column":225},"end":{"line":4,"column":239}}],"line":4},"2":{"loc":{"start":{"line":48,"column":4},"end":{"line":50,"column":5}},"type":"if","locations":[{"start":{"line":48,"column":4},"end":{"line":50,"column":5}},{"start":{"line":48,"column":4},"end":{"line":50,"column":5}}],"line":48},"3":{"loc":{"start":{"line":51,"column":4},"end":{"line":53,"column":5}},"type":"if","locations":[{"start":{"line":51,"column":4},"end":{"line":53,"column":5}},{"start":{"line":51,"column":4},"end":{"line":53,"column":5}}],"line":51},"4":{"loc":{"start":{"line":56,"column":4},"end":{"line":56,"column":54}},"type":"if","locations":[{"start":{"line":56,"column":4},"end":{"line":56,"column":54}},{"start":{"line":56,"column":4},"end":{"line":56,"column":54}}],"line":56},"5":{"loc":{"start":{"line":57,"column":4},"end":{"line":57,"column":51}},"type":"if","locations":[{"start":{"line":57,"column":4},"end":{"line":57,"column":51}},{"start":{"line":57,"column":4},"end":{"line":57,"column":51}}],"line":57}},"s":{"0":0,"1":0,"2":0,"3":0,"4":0,"5":0,"6":0,"7":0,"8":0,"9":0,"10":0,"11":0,"12":0,"13":0,"14":0,"15":0,"16":0,"17":0,"18":0,"19":0,"20":0,"21":0,"22":0,"23":0,"24":0,"25":0,"26":0,"27":0,"28":0,"29":0,"30":0,"31":0,"32":0,"33":0,"34":0},"f":{"0":0,"1":0,"2":0,"3":0,"4":0,"5":0,"6":0,"7":0,"8":0,"9":0,"10":0,"11":0,"12":0},"b":{"0":[0,0],"1":[0,0],"2":[0,0],"3":[0,0],"4":[0,0],"5":[0,0]}}
,"/Users/joshpitzalis/Desktop/auction/src/pages/ListAuctions.jsx": {"path":"/Users/joshpitzalis/Desktop/auction/src/pages/ListAuctions.jsx","statementMap":{"0":{"start":{"line":1,"column":39},"end":{"line":1,"column":101}},"1":{"start":{"line":1,"column":120},"end":{"line":1,"column":184}},"2":{"start":{"line":1,"column":351},"end":{"line":1,"column":405}},"3":{"start":{"line":8,"column":4},"end":{"line":10,"column":242}}},"fnMap":{"0":{"name":"_interopRequireDefault","decl":{"start":{"line":1,"column":322},"end":{"line":1,"column":344}},"loc":{"start":{"line":1,"column":350},"end":{"line":1,"column":406}},"line":1},"1":{"name":"(anonymous_1)","decl":{"start":{"line":7,"column":2},"end":{"line":7,"column":3}},"loc":{"start":{"line":7,"column":11},"end":{"line":13,"column":3}},"line":7}},"branchMap":{"0":{"loc":{"start":{"line":1,"column":358},"end":{"line":1,"column":404}},"type":"cond-expr","locations":[{"start":{"line":1,"column":382},"end":{"line":1,"column":385}},{"start":{"line":1,"column":388},"end":{"line":1,"column":404}}],"line":1},"1":{"loc":{"start":{"line":1,"column":358},"end":{"line":1,"column":379}},"type":"binary-expr","locations":[{"start":{"line":1,"column":358},"end":{"line":1,"column":361}},{"start":{"line":1,"column":365},"end":{"line":1,"column":379}}],"line":1}},"s":{"0":0,"1":0,"2":0,"3":0},"f":{"0":0,"1":0},"b":{"0":[0,0],"1":[0,0]}}
,"/Users/joshpitzalis/Desktop/auction/src/pages/Auction/helpers.js": {"path":"/Users/joshpitzalis/Desktop/auction/src/pages/Auction/helpers.js","statementMap":{"0":{"start":{"line":1,"column":39},"end":{"line":1,"column":101}},"1":{"start":{"line":1,"column":149},"end":{"line":7,"column":2}},"2":{"start":{"line":2,"column":0},"end":{"line":7,"column":2}},"3":{"start":{"line":3,"column":2},"end":{"line":6,"column":5}},"4":{"start":{"line":4,"column":4},"end":{"line":5,"column":18}},"5":{"start":{"line":4,"column":16},"end":{"line":4,"column":32}},"6":{"start":{"line":5,"column":4},"end":{"line":5,"column":18}},"7":{"start":{"line":9,"column":52},"end":{"line":16,"column":2}},"8":{"start":{"line":10,"column":0},"end":{"line":16,"column":2}},"9":{"start":{"line":11,"column":2},"end":{"line":15,"column":5}},"10":{"start":{"line":12,"column":4},"end":{"line":14,"column":25}},"11":{"start":{"line":13,"column":6},"end":{"line":13,"column":22}},"12":{"start":{"line":14,"column":11},"end":{"line":14,"column":25}},"13":{"start":{"line":18,"column":49},"end":{"line":35,"column":1}},"14":{"start":{"line":19,"column":2},"end":{"line":33,"column":39}},"15":{"start":{"line":21,"column":6},"end":{"line":21,"column":33}},"16":{"start":{"line":23,"column":6},"end":{"line":23,"column":38}},"17":{"start":{"line":25,"column":6},"end":{"line":25,"column":38}},"18":{"start":{"line":27,"column":6},"end":{"line":27,"column":42}},"19":{"start":{"line":29,"column":6},"end":{"line":29,"column":38}},"20":{"start":{"line":31,"column":6},"end":{"line":31,"column":38}},"21":{"start":{"line":33,"column":6},"end":{"line":33,"column":38}},"22":{"start":{"line":37,"column":50},"end":{"line":54,"column":2}},"23":{"start":{"line":38,"column":0},"end":{"line":54,"column":2}},"24":{"start":{"line":39,"column":2},"end":{"line":53,"column":5}},"25":{"start":{"line":40,"column":4},"end":{"line":52,"column":25}},"26":{"start":{"line":41,"column":18},"end":{"line":41,"column":73}},"27":{"start":{"line":42,"column":18},"end":{"line":45,"column":16}},"28":{"start":{"line":46,"column":22},"end":{"line":49,"column":16}},"29":{"start":{"line":50,"column":23},"end":{"line":50,"column":62}},"30":{"start":{"line":51,"column":6},"end":{"line":51,"column":53}},"31":{"start":{"line":52,"column":11},"end":{"line":52,"column":25}}},"fnMap":{"0":{"name":"(anonymous_0)","decl":{"start":{"line":1,"column":173},"end":{"line":1,"column":174}},"loc":{"start":{"line":2,"column":0},"end":{"line":7,"column":2}},"line":2},"1":{"name":"(anonymous_1)","decl":{"start":{"line":2,"column":12},"end":{"line":2,"column":13}},"loc":{"start":{"line":2,"column":33},"end":{"line":7,"column":1}},"line":2},"2":{"name":"(anonymous_2)","decl":{"start":{"line":3,"column":36},"end":{"line":3,"column":37}},"loc":{"start":{"line":3,"column":55},"end":{"line":6,"column":3}},"line":3},"3":{"name":"(anonymous_3)","decl":{"start":{"line":9,"column":80},"end":{"line":9,"column":81}},"loc":{"start":{"line":10,"column":0},"end":{"line":16,"column":2}},"line":10},"4":{"name":"(anonymous_4)","decl":{"start":{"line":10,"column":12},"end":{"line":10,"column":13}},"loc":{"start":{"line":10,"column":33},"end":{"line":16,"column":1}},"line":10},"5":{"name":"(anonymous_5)","decl":{"start":{"line":11,"column":28},"end":{"line":11,"column":29}},"loc":{"start":{"line":11,"column":47},"end":{"line":15,"column":3}},"line":11},"6":{"name":"(anonymous_6)","decl":{"start":{"line":18,"column":74},"end":{"line":18,"column":75}},"loc":{"start":{"line":18,"column":101},"end":{"line":35,"column":1}},"line":18},"7":{"name":"(anonymous_7)","decl":{"start":{"line":37,"column":76},"end":{"line":37,"column":77}},"loc":{"start":{"line":38,"column":0},"end":{"line":54,"column":2}},"line":38},"8":{"name":"(anonymous_8)","decl":{"start":{"line":38,"column":12},"end":{"line":38,"column":13}},"loc":{"start":{"line":38,"column":33},"end":{"line":54,"column":1}},"line":38},"9":{"name":"(anonymous_9)","decl":{"start":{"line":39,"column":36},"end":{"line":39,"column":37}},"loc":{"start":{"line":39,"column":59},"end":{"line":53,"column":3}},"line":39}},"branchMap":{"0":{"loc":{"start":{"line":4,"column":4},"end":{"line":5,"column":18}},"type":"if","locations":[{"start":{"line":4,"column":4},"end":{"line":5,"column":18}},{"start":{"line":4,"column":4},"end":{"line":5,"column":18}}],"line":4},"1":{"loc":{"start":{"line":12,"column":4},"end":{"line":14,"column":25}},"type":"if","locations":[{"start":{"line":12,"column":4},"end":{"line":14,"column":25}},{"start":{"line":12,"column":4},"end":{"line":14,"column":25}}],"line":12},"2":{"loc":{"start":{"line":19,"column":2},"end":{"line":33,"column":39}},"type":"switch","locations":[{"start":{"line":20,"column":4},"end":{"line":21,"column":33}},{"start":{"line":22,"column":4},"end":{"line":23,"column":38}},{"start":{"line":24,"column":4},"end":{"line":25,"column":38}},{"start":{"line":26,"column":4},"end":{"line":27,"column":42}},{"start":{"line":28,"column":4},"end":{"line":29,"column":38}},{"start":{"line":30,"column":4},"end":{"line":31,"column":38}},{"start":{"line":32,"column":4},"end":{"line":33,"column":38}}],"line":19},"3":{"loc":{"start":{"line":40,"column":4},"end":{"line":52,"column":25}},"type":"if","locations":[{"start":{"line":40,"column":4},"end":{"line":52,"column":25}},{"start":{"line":40,"column":4},"end":{"line":52,"column":25}}],"line":40}},"s":{"0":0,"1":0,"2":0,"3":0,"4":0,"5":0,"6":0,"7":0,"8":0,"9":0,"10":0,"11":0,"12":0,"13":0,"14":0,"15":0,"16":0,"17":0,"18":0,"19":0,"20":0,"21":0,"22":0,"23":0,"24":0,"25":0,"26":0,"27":0,"28":0,"29":0,"30":0,"31":0},"f":{"0":0,"1":0,"2":0,"3":0,"4":0,"5":0,"6":0,"7":0,"8":0,"9":0},"b":{"0":[0,0],"1":[0,0],"2":[0,0,0,0,0,0,0],"3":[0,0]}}
,"/Users/joshpitzalis/Desktop/auction/src/pages/Auction/index.jsx": {"path":"/Users/joshpitzalis/Desktop/auction/src/pages/Auction/index.jsx","statementMap":{"0":{"start":{"line":15,"column":29},"end":{"line":21,"column":1}},"1":{"start":{"line":23,"column":20},"end":{"line":27,"column":1}},"2":{"start":{"line":29,"column":21},"end":{"line":33,"column":1}},"3":{"start":{"line":66,"column":8},"end":{"line":66,"column":18}},"4":{"start":{"line":68,"column":4},"end":{"line":114,"column":6}},"5":{"start":{"line":119,"column":2},"end":{"line":121,"column":21}},"6":{"start":{"line":120,"column":14},"end":{"line":120,"column":50}}},"fnMap":{"0":{"name":"(anonymous_0)","decl":{"start":{"line":52,"column":2},"end":{"line":52,"column":3}},"loc":{"start":{"line":52,"column":11},"end":{"line":115,"column":3}},"line":52},"1":{"name":"(anonymous_1)","decl":{"start":{"line":118,"column":15},"end":{"line":118,"column":16}},"loc":{"start":{"line":119,"column":2},"end":{"line":121,"column":21}},"line":119},"2":{"name":"(anonymous_2)","decl":{"start":{"line":120,"column":5},"end":{"line":120,"column":6}},"loc":{"start":{"line":120,"column":14},"end":{"line":120,"column":50}},"line":120}},"branchMap":{},"s":{"0":1,"1":1,"2":1,"3":5,"4":5,"5":5,"6":5},"f":{"0":5,"1":5,"2":5},"b":{},"_coverageSchema":"332fd63041d2c1bcb487cc26dd0d5f7d97098a6c","hash":"197ef45f585fff4e976090f33df2968c75e5a717"}
,"/Users/joshpitzalis/Desktop/auction/src/pages/Create/Mint.jsx": {"path":"/Users/joshpitzalis/Desktop/auction/src/pages/Create/Mint.jsx","statementMap":{"0":{"start":{"line":4,"column":15},"end":{"line":4,"column":28}},"1":{"start":{"line":6,"column":16},"end":{"line":33,"column":1}},"2":{"start":{"line":45,"column":4},"end":{"line":49,"column":6}},"3":{"start":{"line":46,"column":6},"end":{"line":48,"column":8}},"4":{"start":{"line":50,"column":4},"end":{"line":50,"column":28}},"5":{"start":{"line":60,"column":25},"end":{"line":60,"column":62}},"6":{"start":{"line":61,"column":33},"end":{"line":63,"column":5}},"7":{"start":{"line":64,"column":4},"end":{"line":77,"column":6}},"8":{"start":{"line":70,"column":8},"end":{"line":75,"column":34}},"9":{"start":{"line":71,"column":10},"end":{"line":74,"column":13}},"10":{"start":{"line":75,"column":15},"end":{"line":75,"column":34}},"11":{"start":{"line":87,"column":4},"end":{"line":87,"column":78}},"12":{"start":{"line":90,"column":33},"end":{"line":90,"column":74}},"13":{"start":{"line":91,"column":31},"end":{"line":91,"column":62}},"14":{"start":{"line":92,"column":31},"end":{"line":92,"column":62}},"15":{"start":{"line":93,"column":35},"end":{"line":93,"column":70}},"16":{"start":{"line":94,"column":36},"end":{"line":94,"column":72}},"17":{"start":{"line":96,"column":4},"end":{"line":96,"column":70}},"18":{"start":{"line":99,"column":4},"end":{"line":206,"column":6}},"19":{"start":{"line":107,"column":16},"end":{"line":107,"column":35}},"20":{"start":{"line":108,"column":16},"end":{"line":114,"column":18}},"21":{"start":{"line":194,"column":35},"end":{"line":194,"column":78}}},"fnMap":{"0":{"name":"(anonymous_0)","decl":{"start":{"line":44,"column":2},"end":{"line":44,"column":3}},"loc":{"start":{"line":44,"column":22},"end":{"line":51,"column":3}},"line":44},"1":{"name":"(anonymous_1)","decl":{"start":{"line":45,"column":17},"end":{"line":45,"column":18}},"loc":{"start":{"line":46,"column":6},"end":{"line":48,"column":8}},"line":46},"2":{"name":"(anonymous_2)","decl":{"start":{"line":53,"column":14},"end":{"line":53,"column":15}},"loc":{"start":{"line":59,"column":7},"end":{"line":78,"column":3}},"line":59},"3":{"name":"(anonymous_3)","decl":{"start":{"line":69,"column":6},"end":{"line":69,"column":7}},"loc":{"start":{"line":69,"column":23},"end":{"line":76,"column":7}},"line":69},"4":{"name":"(anonymous_4)","decl":{"start":{"line":80,"column":17},"end":{"line":80,"column":18}},"loc":{"start":{"line":86,"column":7},"end":{"line":88,"column":3}},"line":86},"5":{"name":"(anonymous_5)","decl":{"start":{"line":90,"column":24},"end":{"line":90,"column":25}},"loc":{"start":{"line":90,"column":33},"end":{"line":90,"column":74}},"line":90},"6":{"name":"(anonymous_6)","decl":{"start":{"line":91,"column":22},"end":{"line":91,"column":23}},"loc":{"start":{"line":91,"column":31},"end":{"line":91,"column":62}},"line":91},"7":{"name":"(anonymous_7)","decl":{"start":{"line":92,"column":22},"end":{"line":92,"column":23}},"loc":{"start":{"line":92,"column":31},"end":{"line":92,"column":62}},"line":92},"8":{"name":"(anonymous_8)","decl":{"start":{"line":93,"column":26},"end":{"line":93,"column":27}},"loc":{"start":{"line":93,"column":35},"end":{"line":93,"column":70}},"line":93},"9":{"name":"(anonymous_9)","decl":{"start":{"line":94,"column":27},"end":{"line":94,"column":28}},"loc":{"start":{"line":94,"column":36},"end":{"line":94,"column":72}},"line":94},"10":{"name":"(anonymous_10)","decl":{"start":{"line":95,"column":21},"end":{"line":95,"column":22}},"loc":{"start":{"line":96,"column":4},"end":{"line":96,"column":70}},"line":96},"11":{"name":"(anonymous_11)","decl":{"start":{"line":98,"column":2},"end":{"line":98,"column":3}},"loc":{"start":{"line":98,"column":11},"end":{"line":207,"column":3}},"line":98},"12":{"name":"(anonymous_12)","decl":{"start":{"line":106,"column":24},"end":{"line":106,"column":25}},"loc":{"start":{"line":106,"column":29},"end":{"line":115,"column":15}},"line":106},"13":{"name":"(anonymous_13)","decl":{"start":{"line":194,"column":30},"end":{"line":194,"column":31}},"loc":{"start":{"line":194,"column":35},"end":{"line":194,"column":78}},"line":194}},"branchMap":{"0":{"loc":{"start":{"line":70,"column":8},"end":{"line":75,"column":34}},"type":"if","locations":[{"start":{"line":70,"column":8},"end":{"line":75,"column":34}},{"start":{"line":70,"column":8},"end":{"line":75,"column":34}}],"line":70}},"s":{"0":1,"1":1,"2":3,"3":0,"4":3,"5":0,"6":0,"7":0,"8":0,"9":0,"10":0,"11":0,"12":0,"13":0,"14":0,"15":0,"16":0,"17":3,"18":6,"19":0,"20":0,"21":0},"f":{"0":3,"1":0,"2":0,"3":0,"4":0,"5":0,"6":0,"7":0,"8":0,"9":0,"10":3,"11":6,"12":0,"13":0},"b":{"0":[0,0]},"_coverageSchema":"332fd63041d2c1bcb487cc26dd0d5f7d97098a6c","hash":"e1b68a49cb089bc2ae8a9e36c3f813697f32b58e"}
,"/Users/joshpitzalis/Desktop/auction/src/pages/Create/helpers.js": {"path":"/Users/joshpitzalis/Desktop/auction/src/pages/Create/helpers.js","statementMap":{"0":{"start":{"line":1,"column":39},"end":{"line":1,"column":101}},"1":{"start":{"line":1,"column":160},"end":{"line":11,"column":2}},"2":{"start":{"line":6,"column":0},"end":{"line":11,"column":2}},"3":{"start":{"line":7,"column":2},"end":{"line":10,"column":5}},"4":{"start":{"line":8,"column":4},"end":{"line":9,"column":18}},"5":{"start":{"line":8,"column":16},"end":{"line":8,"column":42}},"6":{"start":{"line":9,"column":4},"end":{"line":9,"column":18}}},"fnMap":{"0":{"name":"(anonymous_0)","decl":{"start":{"line":1,"column":195},"end":{"line":1,"column":196}},"loc":{"start":{"line":6,"column":0},"end":{"line":11,"column":2}},"line":6},"1":{"name":"(anonymous_1)","decl":{"start":{"line":6,"column":12},"end":{"line":6,"column":13}},"loc":{"start":{"line":6,"column":33},"end":{"line":11,"column":1}},"line":6},"2":{"name":"(anonymous_2)","decl":{"start":{"line":7,"column":49},"end":{"line":7,"column":50}},"loc":{"start":{"line":7,"column":68},"end":{"line":10,"column":3}},"line":7}},"branchMap":{"0":{"loc":{"start":{"line":8,"column":4},"end":{"line":9,"column":18}},"type":"if","locations":[{"start":{"line":8,"column":4},"end":{"line":9,"column":18}},{"start":{"line":8,"column":4},"end":{"line":9,"column":18}}],"line":8}},"s":{"0":0,"1":0,"2":0,"3":0,"4":0,"5":0,"6":0},"f":{"0":0,"1":0,"2":0},"b":{"0":[0,0]}}
,"/Users/joshpitzalis/Desktop/auction/src/pages/Create/index.jsx": {"path":"/Users/joshpitzalis/Desktop/auction/src/pages/Create/index.jsx","statementMap":{"0":{"start":{"line":8,"column":20},"end":{"line":12,"column":1}},"1":{"start":{"line":28,"column":35},"end":{"line":28,"column":68}},"2":{"start":{"line":35,"column":8},"end":{"line":35,"column":18}},"3":{"start":{"line":36,"column":52},"end":{"line":36,"column":62}},"4":{"start":{"line":38,"column":4},"end":{"line":152,"column":6}},"5":{"start":{"line":49,"column":18},"end":{"line":49,"column":68}},"6":{"start":{"line":58,"column":33},"end":{"line":58,"column":64}},"7":{"start":{"line":73,"column":18},"end":{"line":73,"column":68}},"8":{"start":{"line":84,"column":18},"end":{"line":84,"column":71}},"9":{"start":{"line":95,"column":18},"end":{"line":95,"column":73}},"10":{"start":{"line":106,"column":18},"end":{"line":106,"column":71}},"11":{"start":{"line":115,"column":20},"end":{"line":115,"column":72}},"12":{"start":{"line":131,"column":18},"end":{"line":131,"column":68}},"13":{"start":{"line":141,"column":33},"end":{"line":141,"column":66}}},"fnMap":{"0":{"name":"(anonymous_0)","decl":{"start":{"line":28,"column":17},"end":{"line":28,"column":18}},"loc":{"start":{"line":28,"column":35},"end":{"line":28,"column":68}},"line":28},"1":{"name":"(anonymous_1)","decl":{"start":{"line":30,"column":2},"end":{"line":30,"column":3}},"loc":{"start":{"line":30,"column":11},"end":{"line":153,"column":3}},"line":30},"2":{"name":"(anonymous_2)","decl":{"start":{"line":48,"column":26},"end":{"line":48,"column":27}},"loc":{"start":{"line":49,"column":18},"end":{"line":49,"column":68}},"line":49},"3":{"name":"(anonymous_3)","decl":{"start":{"line":58,"column":27},"end":{"line":58,"column":28}},"loc":{"start":{"line":58,"column":33},"end":{"line":58,"column":64}},"line":58},"4":{"name":"(anonymous_4)","decl":{"start":{"line":72,"column":26},"end":{"line":72,"column":27}},"loc":{"start":{"line":73,"column":18},"end":{"line":73,"column":68}},"line":73},"5":{"name":"(anonymous_5)","decl":{"start":{"line":83,"column":26},"end":{"line":83,"column":27}},"loc":{"start":{"line":84,"column":18},"end":{"line":84,"column":71}},"line":84},"6":{"name":"(anonymous_6)","decl":{"start":{"line":94,"column":26},"end":{"line":94,"column":27}},"loc":{"start":{"line":95,"column":18},"end":{"line":95,"column":73}},"line":95},"7":{"name":"(anonymous_7)","decl":{"start":{"line":105,"column":26},"end":{"line":105,"column":27}},"loc":{"start":{"line":106,"column":18},"end":{"line":106,"column":71}},"line":106},"8":{"name":"(anonymous_8)","decl":{"start":{"line":114,"column":27},"end":{"line":114,"column":28}},"loc":{"start":{"line":115,"column":20},"end":{"line":115,"column":72}},"line":115},"9":{"name":"(anonymous_9)","decl":{"start":{"line":130,"column":26},"end":{"line":130,"column":27}},"loc":{"start":{"line":131,"column":18},"end":{"line":131,"column":68}},"line":131},"10":{"name":"(anonymous_10)","decl":{"start":{"line":141,"column":27},"end":{"line":141,"column":28}},"loc":{"start":{"line":141,"column":33},"end":{"line":141,"column":66}},"line":141}},"branchMap":{},"s":{"0":1,"1":6,"2":9,"3":9,"4":9,"5":1,"6":1,"7":1,"8":1,"9":1,"10":1,"11":1,"12":1,"13":1},"f":{"0":6,"1":9,"2":1,"3":1,"4":1,"5":1,"6":1,"7":1,"8":1,"9":1,"10":1},"b":{},"_coverageSchema":"332fd63041d2c1bcb487cc26dd0d5f7d97098a6c","hash":"12dde45f34e1c6ddbeba223de6d4ba4d6959dba2"}
,"/Users/joshpitzalis/Desktop/auction/src/utils/getWeb3.js": {"path":"/Users/joshpitzalis/Desktop/auction/src/utils/getWeb3.js","statementMap":{"0":{"start":{"line":3,"column":14},"end":{"line":39,"column":2}},"1":{"start":{"line":5,"column":2},"end":{"line":38,"column":5}},"2":{"start":{"line":7,"column":15},"end":{"line":7,"column":26}},"3":{"start":{"line":10,"column":4},"end":{"line":37,"column":5}},"4":{"start":{"line":12,"column":6},"end":{"line":12,"column":44}},"5":{"start":{"line":13,"column":6},"end":{"line":13,"column":53}},"6":{"start":{"line":15,"column":6},"end":{"line":17,"column":8}},"7":{"start":{"line":19,"column":6},"end":{"line":19,"column":45}},"8":{"start":{"line":21,"column":6},"end":{"line":21,"column":23}},"9":{"start":{"line":26,"column":21},"end":{"line":26,"column":77}},"10":{"start":{"line":28,"column":6},"end":{"line":28,"column":32}},"11":{"start":{"line":30,"column":6},"end":{"line":32,"column":8}},"12":{"start":{"line":34,"column":6},"end":{"line":34,"column":66}},"13":{"start":{"line":36,"column":6},"end":{"line":36,"column":23}}},"fnMap":{"0":{"name":"(anonymous_0)","decl":{"start":{"line":3,"column":26},"end":{"line":3,"column":27}},"loc":{"start":{"line":3,"column":52},"end":{"line":39,"column":1}},"line":3},"1":{"name":"(anonymous_1)","decl":{"start":{"line":5,"column":34},"end":{"line":5,"column":35}},"loc":{"start":{"line":5,"column":45},"end":{"line":38,"column":3}},"line":5}},"branchMap":{"0":{"loc":{"start":{"line":10,"column":4},"end":{"line":37,"column":5}},"type":"if","locations":[{"start":{"line":10,"column":4},"end":{"line":37,"column":5}},{"start":{"line":10,"column":4},"end":{"line":37,"column":5}}],"line":10}},"s":{"0":1,"1":1,"2":0,"3":0,"4":0,"5":0,"6":0,"7":0,"8":0,"9":0,"10":0,"11":0,"12":0,"13":0},"f":{"0":1,"1":0},"b":{"0":[0,0]},"_coverageSchema":"332fd63041d2c1bcb487cc26dd0d5f7d97098a6c","hash":"a55485d52b47301be19d06ac9a13c3428654df61"}
}
