{"/Users/joshpitzalis/Desktop/auction/src/index.js": {"path":"/Users/joshpitzalis/Desktop/auction/src/index.js","statementMap":{"0":{"start":{"line":1,"column":58},"end":{"line":1,"column":108}},"1":{"start":{"line":3,"column":166},"end":{"line":3,"column":220}}},"fnMap":{"0":{"name":"_interopRequireDefault","decl":{"start":{"line":3,"column":137},"end":{"line":3,"column":159}},"loc":{"start":{"line":3,"column":165},"end":{"line":3,"column":221}},"line":3}},"branchMap":{"0":{"loc":{"start":{"line":3,"column":173},"end":{"line":3,"column":219}},"type":"cond-expr","locations":[{"start":{"line":3,"column":197},"end":{"line":3,"column":200}},{"start":{"line":3,"column":203},"end":{"line":3,"column":219}}],"line":3},"1":{"loc":{"start":{"line":3,"column":173},"end":{"line":3,"column":194}},"type":"binary-expr","locations":[{"start":{"line":3,"column":173},"end":{"line":3,"column":176}},{"start":{"line":3,"column":180},"end":{"line":3,"column":194}}],"line":3}},"s":{"0":0,"1":0},"f":{"0":0},"b":{"0":[0,0],"1":[0,0]}}
,"/Users/joshpitzalis/Desktop/auction/src/components/AuctionBox.jsx": {"path":"/Users/joshpitzalis/Desktop/auction/src/components/AuctionBox.jsx","statementMap":{"0":{"start":{"line":8,"column":21},"end":{"line":12,"column":1}},"1":{"start":{"line":14,"column":15},"end":{"line":27,"column":1}},"2":{"start":{"line":29,"column":29},"end":{"line":35,"column":1}},"3":{"start":{"line":54,"column":8},"end":{"line":54,"column":18}},"4":{"start":{"line":55,"column":4},"end":{"line":74,"column":6}}},"fnMap":{"0":{"name":"(anonymous_0)","decl":{"start":{"line":46,"column":2},"end":{"line":46,"column":3}},"loc":{"start":{"line":46,"column":11},"end":{"line":75,"column":3}},"line":46}},"branchMap":{},"s":{"0":1,"1":1,"2":1,"3":1,"4":1},"f":{"0":1},"b":{},"_coverageSchema":"332fd63041d2c1bcb487cc26dd0d5f7d97098a6c","hash":"525cb34a64b68561c8df2d19482035e9799ce208"}
,"/Users/joshpitzalis/Desktop/auction/src/components/AuctionImage.jsx": {"path":"/Users/joshpitzalis/Desktop/auction/src/components/AuctionImage.jsx","statementMap":{"0":{"start":{"line":7,"column":14},"end":{"line":9,"column":1}},"1":{"start":{"line":11,"column":20},"end":{"line":20,"column":1}},"2":{"start":{"line":26,"column":4},"end":{"line":33,"column":6}}},"fnMap":{"0":{"name":"(anonymous_0)","decl":{"start":{"line":25,"column":2},"end":{"line":25,"column":3}},"loc":{"start":{"line":25,"column":11},"end":{"line":34,"column":3}},"line":25}},"branchMap":{},"s":{"0":1,"1":1,"2":1},"f":{"0":1},"b":{},"_coverageSchema":"332fd63041d2c1bcb487cc26dd0d5f7d97098a6c","hash":"58b82371e5e90c8d5eefb48665ce6826c536d63b"}
,"/Users/joshpitzalis/Desktop/auction/src/components/CountdownTimer.jsx": {"path":"/Users/joshpitzalis/Desktop/auction/src/components/CountdownTimer.jsx","statementMap":{"0":{"start":{"line":5,"column":22},"end":{"line":7,"column":1}},"1":{"start":{"line":13,"column":23},"end":{"line":13,"column":33}},"2":{"start":{"line":14,"column":4},"end":{"line":37,"column":6}}},"fnMap":{"0":{"name":"(anonymous_0)","decl":{"start":{"line":12,"column":2},"end":{"line":12,"column":3}},"loc":{"start":{"line":12,"column":11},"end":{"line":38,"column":3}},"line":12}},"branchMap":{},"s":{"0":1,"1":1,"2":1},"f":{"0":1},"b":{},"_coverageSchema":"332fd63041d2c1bcb487cc26dd0d5f7d97098a6c","hash":"345c852cd0facbd951f970520f119605641fd71a"}
,"/Users/joshpitzalis/Desktop/auction/src/components/DescriptionBox.jsx": {"path":"/Users/joshpitzalis/Desktop/auction/src/components/DescriptionBox.jsx","statementMap":{"0":{"start":{"line":8,"column":21},"end":{"line":12,"column":1}},"1":{"start":{"line":21,"column":33},"end":{"line":21,"column":43}},"2":{"start":{"line":22,"column":4},"end":{"line":60,"column":6}},"3":{"start":{"line":66,"column":16},"end":{"line":71,"column":1}},"4":{"start":{"line":73,"column":20},"end":{"line":94,"column":1}},"5":{"start":{"line":74,"column":2},"end":{"line":93,"column":4}}},"fnMap":{"0":{"name":"(anonymous_0)","decl":{"start":{"line":20,"column":2},"end":{"line":20,"column":3}},"loc":{"start":{"line":20,"column":11},"end":{"line":61,"column":3}},"line":20},"1":{"name":"(anonymous_1)","decl":{"start":{"line":73,"column":20},"end":{"line":73,"column":21}},"loc":{"start":{"line":73,"column":72},"end":{"line":94,"column":1}},"line":73}},"branchMap":{},"s":{"0":1,"1":1,"2":1,"3":1,"4":1,"5":3},"f":{"0":1,"1":3},"b":{},"_coverageSchema":"332fd63041d2c1bcb487cc26dd0d5f7d97098a6c","hash":"7299fb8c25afd59b006f64cd2fff2b772d0e29e2"}
,"/Users/joshpitzalis/Desktop/auction/src/components/FAQ.jsx": {"path":"/Users/joshpitzalis/Desktop/auction/src/components/FAQ.jsx","statementMap":{"0":{"start":{"line":8,"column":4},"end":{"line":28,"column":6}}},"fnMap":{"0":{"name":"(anonymous_0)","decl":{"start":{"line":7,"column":2},"end":{"line":7,"column":3}},"loc":{"start":{"line":7,"column":11},"end":{"line":29,"column":3}},"line":7}},"branchMap":{},"s":{"0":1},"f":{"0":1},"b":{},"_coverageSchema":"332fd63041d2c1bcb487cc26dd0d5f7d97098a6c","hash":"cfe4eac3d3753572eddf17529e1cee732f462473"}
,"/Users/joshpitzalis/Desktop/auction/src/components/Footer.jsx": {"path":"/Users/joshpitzalis/Desktop/auction/src/components/Footer.jsx","statementMap":{"0":{"start":{"line":6,"column":21},"end":{"line":10,"column":1}},"1":{"start":{"line":12,"column":24},"end":{"line":17,"column":1}},"2":{"start":{"line":23,"column":4},"end":{"line":193,"column":6}}},"fnMap":{"0":{"name":"(anonymous_0)","decl":{"start":{"line":22,"column":2},"end":{"line":22,"column":3}},"loc":{"start":{"line":22,"column":11},"end":{"line":194,"column":3}},"line":22}},"branchMap":{},"s":{"0":1,"1":1,"2":1},"f":{"0":1},"b":{},"_coverageSchema":"332fd63041d2c1bcb487cc26dd0d5f7d97098a6c","hash":"e10143ca64bd4a40773daf89efc23f0947ca0cd1"}
,"/Users/joshpitzalis/Desktop/auction/src/components/Gembox.jsx": {"path":"/Users/joshpitzalis/Desktop/auction/src/components/Gembox.jsx","statementMap":{"0":{"start":{"line":8,"column":16},"end":{"line":13,"column":1}},"1":{"start":{"line":22,"column":33},"end":{"line":22,"column":43}},"2":{"start":{"line":23,"column":4},"end":{"line":62,"column":6}}},"fnMap":{"0":{"name":"(anonymous_0)","decl":{"start":{"line":21,"column":2},"end":{"line":21,"column":3}},"loc":{"start":{"line":21,"column":11},"end":{"line":63,"column":3}},"line":21}},"branchMap":{},"s":{"0":1,"1":2,"2":2},"f":{"0":2},"b":{},"_coverageSchema":"332fd63041d2c1bcb487cc26dd0d5f7d97098a6c","hash":"6e4af61ccffeffe078c4fb5c3cf36fa822bfe32a"}
,"/Users/joshpitzalis/Desktop/auction/src/components/MailingList.jsx": {"path":"/Users/joshpitzalis/Desktop/auction/src/components/MailingList.jsx","statementMap":{"0":{"start":{"line":5,"column":29},"end":{"line":10,"column":1}},"1":{"start":{"line":16,"column":4},"end":{"line":46,"column":6}}},"fnMap":{"0":{"name":"(anonymous_0)","decl":{"start":{"line":15,"column":2},"end":{"line":15,"column":3}},"loc":{"start":{"line":15,"column":11},"end":{"line":47,"column":3}},"line":15}},"branchMap":{},"s":{"0":1,"1":1},"f":{"0":1},"b":{},"_coverageSchema":"332fd63041d2c1bcb487cc26dd0d5f7d97098a6c","hash":"cf639519e49dd9476509e8cc0bfec5bd93c4c2b0"}
,"/Users/joshpitzalis/Desktop/auction/src/components/MobileHeader.jsx": {"path":"/Users/joshpitzalis/Desktop/auction/src/components/MobileHeader.jsx","statementMap":{"0":{"start":{"line":6,"column":17},"end":{"line":12,"column":1}},"1":{"start":{"line":22,"column":47},"end":{"line":22,"column":57}},"2":{"start":{"line":23,"column":4},"end":{"line":39,"column":6}}},"fnMap":{"0":{"name":"(anonymous_0)","decl":{"start":{"line":21,"column":2},"end":{"line":21,"column":3}},"loc":{"start":{"line":21,"column":11},"end":{"line":40,"column":3}},"line":21}},"branchMap":{},"s":{"0":1,"1":1,"2":1},"f":{"0":1},"b":{},"_coverageSchema":"332fd63041d2c1bcb487cc26dd0d5f7d97098a6c","hash":"7f249138e822558e5810d156991b4e1ee13bac08"}
,"/Users/joshpitzalis/Desktop/auction/src/components/Nav.jsx": {"path":"/Users/joshpitzalis/Desktop/auction/src/components/Nav.jsx","statementMap":{"0":{"start":{"line":5,"column":24},"end":{"line":9,"column":1}},"1":{"start":{"line":14,"column":4},"end":{"line":74,"column":6}}},"fnMap":{"0":{"name":"(anonymous_0)","decl":{"start":{"line":13,"column":2},"end":{"line":13,"column":3}},"loc":{"start":{"line":13,"column":11},"end":{"line":75,"column":3}},"line":13}},"branchMap":{},"s":{"0":1,"1":1},"f":{"0":1},"b":{},"_coverageSchema":"332fd63041d2c1bcb487cc26dd0d5f7d97098a6c","hash":"4f270353e12d1dae96ecc9e71ee6ee0bc8c82a84"}
,"/Users/joshpitzalis/Desktop/auction/src/components/ProgressMeter.jsx": {"path":"/Users/joshpitzalis/Desktop/auction/src/components/ProgressMeter.jsx","statementMap":{"0":{"start":{"line":10,"column":47},"end":{"line":10,"column":57}},"1":{"start":{"line":11,"column":4},"end":{"line":20,"column":6}}},"fnMap":{"0":{"name":"(anonymous_0)","decl":{"start":{"line":9,"column":2},"end":{"line":9,"column":3}},"loc":{"start":{"line":9,"column":11},"end":{"line":21,"column":3}},"line":9}},"branchMap":{},"s":{"0":1,"1":1},"f":{"0":1},"b":{},"_coverageSchema":"332fd63041d2c1bcb487cc26dd0d5f7d97098a6c","hash":"1dabcdd08e9f7da011304d07dc8d689a006d8b8a"}
,"/Users/joshpitzalis/Desktop/auction/src/pages/App.jsx": {"path":"/Users/joshpitzalis/Desktop/auction/src/pages/App.jsx","statementMap":{"0":{"start":{"line":12,"column":21},"end":{"line":17,"column":1}},"1":{"start":{"line":21,"column":4},"end":{"line":21,"column":17}},"2":{"start":{"line":23,"column":4},"end":{"line":27,"column":6}},"3":{"start":{"line":31,"column":15},"end":{"line":33,"column":6}},"4":{"start":{"line":35,"column":4},"end":{"line":38,"column":57}},"5":{"start":{"line":37,"column":18},"end":{"line":37,"column":49}},"6":{"start":{"line":38,"column":19},"end":{"line":38,"column":55}},"7":{"start":{"line":45,"column":4},"end":{"line":56,"column":9}},"8":{"start":{"line":47,"column":8},"end":{"line":49,"column":11}},"9":{"start":{"line":52,"column":8},"end":{"line":52,"column":35}},"10":{"start":{"line":55,"column":8},"end":{"line":55,"column":43}},"11":{"start":{"line":67,"column":21},"end":{"line":67,"column":48}},"12":{"start":{"line":68,"column":26},"end":{"line":68,"column":57}},"13":{"start":{"line":69,"column":4},"end":{"line":69,"column":63}},"14":{"start":{"line":75,"column":4},"end":{"line":91,"column":7}},"15":{"start":{"line":76,"column":6},"end":{"line":90,"column":11}},"16":{"start":{"line":79,"column":10},"end":{"line":79,"column":43}},"17":{"start":{"line":81,"column":10},"end":{"line":81,"column":69}},"18":{"start":{"line":85,"column":10},"end":{"line":85,"column":61}},"19":{"start":{"line":89,"column":10},"end":{"line":89,"column":62}},"20":{"start":{"line":94,"column":23},"end":{"line":94,"column":47}},"21":{"start":{"line":97,"column":23},"end":{"line":97,"column":28}},"22":{"start":{"line":98,"column":16},"end":{"line":98,"column":17}},"23":{"start":{"line":99,"column":16},"end":{"line":99,"column":19}},"24":{"start":{"line":100,"column":15},"end":{"line":100,"column":17}},"25":{"start":{"line":101,"column":4},"end":{"line":125,"column":6}}},"fnMap":{"0":{"name":"(anonymous_0)","decl":{"start":{"line":20,"column":2},"end":{"line":20,"column":3}},"loc":{"start":{"line":20,"column":21},"end":{"line":28,"column":3}},"line":20},"1":{"name":"(anonymous_1)","decl":{"start":{"line":30,"column":2},"end":{"line":30,"column":3}},"loc":{"start":{"line":30,"column":22},"end":{"line":39,"column":3}},"line":30},"2":{"name":"(anonymous_2)","decl":{"start":{"line":37,"column":12},"end":{"line":37,"column":13}},"loc":{"start":{"line":37,"column":18},"end":{"line":37,"column":49}},"line":37},"3":{"name":"(anonymous_3)","decl":{"start":{"line":38,"column":13},"end":{"line":38,"column":14}},"loc":{"start":{"line":38,"column":19},"end":{"line":38,"column":55}},"line":38},"4":{"name":"(anonymous_4)","decl":{"start":{"line":41,"column":2},"end":{"line":41,"column":3}},"loc":{"start":{"line":41,"column":23},"end":{"line":57,"column":3}},"line":41},"5":{"name":"(anonymous_5)","decl":{"start":{"line":46,"column":12},"end":{"line":46,"column":13}},"loc":{"start":{"line":46,"column":23},"end":{"line":53,"column":7}},"line":46},"6":{"name":"(anonymous_6)","decl":{"start":{"line":54,"column":13},"end":{"line":54,"column":14}},"loc":{"start":{"line":54,"column":19},"end":{"line":56,"column":7}},"line":54},"7":{"name":"(anonymous_7)","decl":{"start":{"line":59,"column":2},"end":{"line":59,"column":3}},"loc":{"start":{"line":59,"column":24},"end":{"line":92,"column":3}},"line":59},"8":{"name":"(anonymous_8)","decl":{"start":{"line":75,"column":36},"end":{"line":75,"column":37}},"loc":{"start":{"line":75,"column":57},"end":{"line":91,"column":5}},"line":75},"9":{"name":"(anonymous_9)","decl":{"start":{"line":78,"column":14},"end":{"line":78,"column":15}},"loc":{"start":{"line":78,"column":26},"end":{"line":82,"column":9}},"line":78},"10":{"name":"(anonymous_10)","decl":{"start":{"line":83,"column":14},"end":{"line":83,"column":15}},"loc":{"start":{"line":83,"column":24},"end":{"line":86,"column":9}},"line":83},"11":{"name":"(anonymous_11)","decl":{"start":{"line":87,"column":14},"end":{"line":87,"column":15}},"loc":{"start":{"line":87,"column":24},"end":{"line":90,"column":9}},"line":87},"12":{"name":"(anonymous_12)","decl":{"start":{"line":94,"column":17},"end":{"line":94,"column":18}},"loc":{"start":{"line":94,"column":23},"end":{"line":94,"column":47}},"line":94},"13":{"name":"(anonymous_13)","decl":{"start":{"line":96,"column":2},"end":{"line":96,"column":3}},"loc":{"start":{"line":96,"column":11},"end":{"line":126,"column":3}},"line":96}},"branchMap":{},"s":{"0":1,"1":1,"2":1,"3":1,"4":1,"5":0,"6":0,"7":1,"8":0,"9":0,"10":0,"11":0,"12":0,"13":0,"14":0,"15":0,"16":0,"17":0,"18":0,"19":0,"20":0,"21":1,"22":1,"23":1,"24":1,"25":1},"f":{"0":1,"1":1,"2":0,"3":0,"4":1,"5":0,"6":0,"7":0,"8":0,"9":0,"10":0,"11":0,"12":0,"13":1},"b":{},"_coverageSchema":"332fd63041d2c1bcb487cc26dd0d5f7d97098a6c","hash":"27abf57230206373e6449793afa67af926314c6d"}
,"/Users/joshpitzalis/Desktop/auction/src/pages/Auction.js": {"path":"/Users/joshpitzalis/Desktop/auction/src/pages/Auction.js","statementMap":{"0":{"start":{"line":12,"column":29},"end":{"line":18,"column":1}},"1":{"start":{"line":41,"column":8},"end":{"line":41,"column":18}},"2":{"start":{"line":43,"column":4},"end":{"line":67,"column":6}}},"fnMap":{"0":{"name":"(anonymous_0)","decl":{"start":{"line":31,"column":2},"end":{"line":31,"column":3}},"loc":{"start":{"line":31,"column":11},"end":{"line":68,"column":3}},"line":31}},"branchMap":{},"s":{"0":1,"1":1,"2":1},"f":{"0":1},"b":{},"_coverageSchema":"332fd63041d2c1bcb487cc26dd0d5f7d97098a6c","hash":"7f2cfaa6789d47ca45d704901b489434069672c2"}
,"/Users/joshpitzalis/Desktop/auction/src/utils/getWeb3.js": {"path":"/Users/joshpitzalis/Desktop/auction/src/utils/getWeb3.js","statementMap":{"0":{"start":{"line":3,"column":14},"end":{"line":37,"column":2}},"1":{"start":{"line":5,"column":2},"end":{"line":36,"column":4}},"2":{"start":{"line":7,"column":15},"end":{"line":7,"column":26}},"3":{"start":{"line":10,"column":4},"end":{"line":35,"column":5}},"4":{"start":{"line":12,"column":6},"end":{"line":12,"column":43}},"5":{"start":{"line":14,"column":6},"end":{"line":16,"column":7}},"6":{"start":{"line":18,"column":6},"end":{"line":18,"column":45}},"7":{"start":{"line":20,"column":6},"end":{"line":20,"column":22}},"8":{"start":{"line":24,"column":21},"end":{"line":24,"column":77}},"9":{"start":{"line":26,"column":6},"end":{"line":26,"column":31}},"10":{"start":{"line":28,"column":6},"end":{"line":30,"column":7}},"11":{"start":{"line":32,"column":6},"end":{"line":32,"column":66}},"12":{"start":{"line":34,"column":6},"end":{"line":34,"column":22}}},"fnMap":{"0":{"name":"(anonymous_0)","decl":{"start":{"line":3,"column":26},"end":{"line":3,"column":27}},"loc":{"start":{"line":3,"column":52},"end":{"line":37,"column":1}},"line":3},"1":{"name":"(anonymous_1)","decl":{"start":{"line":5,"column":34},"end":{"line":5,"column":35}},"loc":{"start":{"line":5,"column":45},"end":{"line":36,"column":3}},"line":5}},"branchMap":{"0":{"loc":{"start":{"line":10,"column":4},"end":{"line":35,"column":5}},"type":"if","locations":[{"start":{"line":10,"column":4},"end":{"line":35,"column":5}},{"start":{"line":10,"column":4},"end":{"line":35,"column":5}}],"line":10}},"s":{"0":1,"1":1,"2":0,"3":0,"4":0,"5":0,"6":0,"7":0,"8":0,"9":0,"10":0,"11":0,"12":0},"f":{"0":1,"1":0},"b":{"0":[0,0]},"_coverageSchema":"332fd63041d2c1bcb487cc26dd0d5f7d97098a6c","hash":"e142b369a357022c45a04302eff7519f3ec3e577"}
}
