TN:
SF:/Users/joshpitzalis/Desktop/auction/src/index.js
FN:3,_interopRequireDefault
FNF:1
FNH:0
FNDA:0,_interopRequireDefault
DA:1,0
DA:3,0
LF:2
LH:0
BRDA:3,0,0,0
BRDA:3,0,1,0
BRDA:3,1,0,0
BRDA:3,1,1,0
BRF:4
BRH:0
end_of_record
TN:
SF:/Users/joshpitzalis/Desktop/auction/src/components/AuctionBox.jsx
FN:46,(anonymous_0)
FNF:1
FNH:1
FNDA:1,(anonymous_0)
DA:8,1
DA:14,1
DA:29,1
DA:54,1
DA:55,1
LF:5
LH:5
BRF:0
BRH:0
end_of_record
TN:
SF:/Users/joshpitzalis/Desktop/auction/src/components/AuctionImage.jsx
FN:25,(anonymous_0)
FNF:1
FNH:1
FNDA:1,(anonymous_0)
DA:7,1
DA:11,1
DA:26,1
LF:3
LH:3
BRF:0
BRH:0
end_of_record
TN:
SF:/Users/joshpitzalis/Desktop/auction/src/components/CountdownTimer.jsx
FN:12,(anonymous_0)
FNF:1
FNH:1
FNDA:1,(anonymous_0)
DA:5,1
DA:13,1
DA:14,1
LF:3
LH:3
BRF:0
BRH:0
end_of_record
TN:
SF:/Users/joshpitzalis/Desktop/auction/src/components/DescriptionBox.jsx
FN:20,(anonymous_0)
FN:73,(anonymous_1)
FNF:2
FNH:2
FNDA:1,(anonymous_0)
FNDA:3,(anonymous_1)
DA:8,1
DA:21,1
DA:22,1
DA:66,1
DA:73,1
DA:74,3
LF:6
LH:6
BRF:0
BRH:0
end_of_record
TN:
SF:/Users/joshpitzalis/Desktop/auction/src/components/FAQ.jsx
FN:7,(anonymous_0)
FNF:1
FNH:1
FNDA:1,(anonymous_0)
DA:8,1
LF:1
LH:1
BRF:0
BRH:0
end_of_record
TN:
SF:/Users/joshpitzalis/Desktop/auction/src/components/Footer.jsx
FN:22,(anonymous_0)
FNF:1
FNH:1
FNDA:1,(anonymous_0)
DA:6,1
DA:12,1
DA:23,1
LF:3
LH:3
BRF:0
BRH:0
end_of_record
TN:
SF:/Users/joshpitzalis/Desktop/auction/src/components/Gembox.jsx
FN:21,(anonymous_0)
FNF:1
FNH:1
FNDA:2,(anonymous_0)
DA:8,1
DA:22,2
DA:23,2
LF:3
LH:3
BRF:0
BRH:0
end_of_record
TN:
SF:/Users/joshpitzalis/Desktop/auction/src/components/MailingList.jsx
FN:15,(anonymous_0)
FNF:1
FNH:1
FNDA:1,(anonymous_0)
DA:5,1
DA:16,1
LF:2
LH:2
BRF:0
BRH:0
end_of_record
TN:
SF:/Users/joshpitzalis/Desktop/auction/src/components/MobileHeader.jsx
FN:21,(anonymous_0)
FNF:1
FNH:1
FNDA:1,(anonymous_0)
DA:6,1
DA:22,1
DA:23,1
LF:3
LH:3
BRF:0
BRH:0
end_of_record
TN:
SF:/Users/joshpitzalis/Desktop/auction/src/components/Nav.jsx
FN:13,(anonymous_0)
FNF:1
FNH:1
FNDA:1,(anonymous_0)
DA:5,1
DA:14,1
LF:2
LH:2
BRF:0
BRH:0
end_of_record
TN:
SF:/Users/joshpitzalis/Desktop/auction/src/components/ProgressMeter.jsx
FN:9,(anonymous_0)
FNF:1
FNH:1
FNDA:1,(anonymous_0)
DA:10,1
DA:11,1
LF:2
LH:2
BRF:0
BRH:0
end_of_record
TN:
SF:/Users/joshpitzalis/Desktop/auction/src/pages/App.jsx
FN:20,(anonymous_0)
FN:30,(anonymous_1)
FN:37,(anonymous_2)
FN:38,(anonymous_3)
FN:41,(anonymous_4)
FN:46,(anonymous_5)
FN:54,(anonymous_6)
FN:59,(anonymous_7)
FN:75,(anonymous_8)
FN:78,(anonymous_9)
FN:83,(anonymous_10)
FN:87,(anonymous_11)
FN:94,(anonymous_12)
FN:96,(anonymous_13)
FNF:14
FNH:4
FNDA:1,(anonymous_0)
FNDA:1,(anonymous_1)
FNDA:0,(anonymous_2)
FNDA:0,(anonymous_3)
FNDA:1,(anonymous_4)
FNDA:0,(anonymous_5)
FNDA:0,(anonymous_6)
FNDA:0,(anonymous_7)
FNDA:0,(anonymous_8)
FNDA:0,(anonymous_9)
FNDA:0,(anonymous_10)
FNDA:0,(anonymous_11)
FNDA:0,(anonymous_12)
FNDA:1,(anonymous_13)
DA:12,1
DA:21,1
DA:23,1
DA:31,1
DA:35,1
DA:37,0
DA:38,0
DA:45,1
DA:47,0
DA:52,0
DA:55,0
DA:67,0
DA:68,0
DA:69,0
DA:75,0
DA:76,0
DA:79,0
DA:81,0
DA:85,0
DA:89,0
DA:94,0
DA:97,1
DA:98,1
DA:99,1
DA:100,1
DA:101,1
LF:26
LH:11
BRF:0
BRH:0
end_of_record
TN:
SF:/Users/joshpitzalis/Desktop/auction/src/pages/Auction.js
FN:31,(anonymous_0)
FNF:1
FNH:1
FNDA:1,(anonymous_0)
DA:12,1
DA:41,1
DA:43,1
LF:3
LH:3
BRF:0
BRH:0
end_of_record
TN:
SF:/Users/joshpitzalis/Desktop/auction/src/utils/getWeb3.js
FN:3,(anonymous_0)
FN:5,(anonymous_1)
FNF:2
FNH:1
FNDA:1,(anonymous_0)
FNDA:0,(anonymous_1)
DA:3,1
DA:5,1
DA:7,0
DA:10,0
DA:12,0
DA:14,0
DA:18,0
DA:20,0
DA:24,0
DA:26,0
DA:28,0
DA:32,0
DA:34,0
LF:13
LH:2
BRDA:10,0,0,0
BRDA:10,0,1,0
BRF:2
BRH:0
end_of_record
