TN:
SF:/Users/joshpitzalis/Desktop/auction/src/App.jsx
FN:24,_interopRequireDefault
FN:36,(anonymous_1)
FN:209,(anonymous_2)
FN:209,(anonymous_3)
FN:209,(anonymous_4)
FN:211,(anonymous_5)
FN:211,(anonymous_6)
FNF:7
FNH:0
FNDA:0,_interopRequireDefault
FNDA:0,(anonymous_1)
FNDA:0,(anonymous_2)
FNDA:0,(anonymous_3)
FNDA:0,(anonymous_4)
FNDA:0,(anonymous_5)
FNDA:0,(anonymous_6)
DA:1,0
DA:24,0
DA:25,0
DA:28,0
DA:37,0
DA:209,0
DA:211,0
DA:213,0
DA:217,0
DA:220,0
DA:221,0
DA:222,0
DA:223,0
DA:226,0
LF:14
LH:0
BRDA:24,0,0,0
BRDA:24,0,1,0
BRDA:24,1,0,0
BRDA:24,1,1,0
BRDA:213,2,0,0
BRDA:213,2,1,0
BRF:6
BRH:0
end_of_record
TN:
SF:/Users/joshpitzalis/Desktop/auction/src/Provider.jsx
FN:97,(anonymous_0)
FN:98,(anonymous_1)
FN:104,(anonymous_2)
FN:105,(anonymous_3)
FN:112,(anonymous_4)
FN:115,(anonymous_5)
FN:128,(anonymous_6)
FN:143,(anonymous_7)
FN:159,(anonymous_8)
FNF:9
FNH:0
FNDA:0,(anonymous_0)
FNDA:0,(anonymous_1)
FNDA:0,(anonymous_2)
FNDA:0,(anonymous_3)
FNDA:0,(anonymous_4)
FNDA:0,(anonymous_5)
FNDA:0,(anonymous_6)
FNDA:0,(anonymous_7)
FNDA:0,(anonymous_8)
DA:10,1
DA:98,0
DA:99,0
DA:100,0
DA:105,0
DA:106,0
DA:107,0
DA:108,0
DA:113,0
DA:115,0
DA:116,0
DA:117,0
DA:118,0
DA:124,0
DA:129,0
DA:131,0
DA:136,0
DA:137,0
DA:142,0
DA:144,0
DA:146,0
DA:160,0
LF:22
LH:1
BRDA:99,0,0,0
BRDA:99,0,1,0
BRDA:107,1,0,0
BRDA:107,1,1,0
BRDA:116,2,0,0
BRDA:116,2,1,0
BRF:6
BRH:0
end_of_record
TN:
SF:/Users/joshpitzalis/Desktop/auction/src/index.js
FN:4,_interopRequireDefault
FNF:1
FNH:0
FNDA:0,_interopRequireDefault
DA:1,0
DA:4,0
LF:2
LH:0
BRDA:4,0,0,0
BRDA:4,0,1,0
BRDA:4,1,0,0
BRDA:4,1,1,0
BRF:4
BRH:0
end_of_record
TN:
SF:/Users/joshpitzalis/Desktop/auction/src/routes.js
FN:5,_interopRequireDefault
FN:7,(anonymous_1)
FN:13,(anonymous_2)
FN:15,(anonymous_3)
FNF:4
FNH:0
FNDA:0,_interopRequireDefault
FNDA:0,(anonymous_1)
FNDA:0,(anonymous_2)
FNDA:0,(anonymous_3)
DA:1,0
DA:5,0
DA:7,0
DA:8,0
DA:13,0
DA:15,0
LF:6
LH:0
BRDA:5,0,0,0
BRDA:5,0,1,0
BRDA:5,1,0,0
BRDA:5,1,1,0
BRF:4
BRH:0
end_of_record
TN:
SF:/Users/joshpitzalis/Desktop/auction/src/components/AuctionBox.jsx
FN:48,(anonymous_0)
FN:85,(anonymous_1)
FNF:2
FNH:2
FNDA:5,(anonymous_0)
FNDA:1,(anonymous_1)
DA:8,1
DA:14,1
DA:29,1
DA:60,5
DA:62,5
DA:63,0
DA:65,5
DA:85,1
LF:8
LH:7
BRDA:62,0,0,0
BRDA:62,0,1,5
BRF:2
BRH:1
end_of_record
TN:
SF:/Users/joshpitzalis/Desktop/auction/src/components/AuctionImage.jsx
FN:13,(anonymous_0)
FNF:1
FNH:1
FNDA:5,(anonymous_0)
DA:5,1
DA:14,5
LF:2
LH:2
BRF:0
BRH:0
end_of_record
TN:
SF:/Users/joshpitzalis/Desktop/auction/src/components/CountdownTimer.jsx
FN:17,(anonymous_0)
FN:19,(anonymous_1)
FN:27,(anonymous_2)
FN:29,(anonymous_3)
FN:32,(anonymous_4)
FN:35,(anonymous_5)
FN:37,(anonymous_6)
FN:41,(anonymous_7)
FNF:8
FNH:8
FNDA:5,(anonymous_0)
FNDA:2,(anonymous_1)
FNDA:4,(anonymous_2)
FNDA:4,(anonymous_3)
FNDA:4,(anonymous_4)
FNDA:2,(anonymous_5)
FNDA:5,(anonymous_6)
FNDA:7,(anonymous_7)
DA:6,1
DA:18,5
DA:20,2
DA:27,4
DA:30,4
DA:33,4
DA:35,2
DA:38,5
DA:42,7
DA:43,7
DA:45,7
LF:11
LH:11
BRDA:51,0,0,7
BRDA:51,0,1,2
BRDA:55,1,0,2
BRDA:55,1,1,0
BRDA:59,2,0,2
BRDA:59,2,1,0
BRDA:64,3,0,2
BRDA:64,3,1,0
BRDA:67,4,0,0
BRDA:67,4,1,2
BRDA:74,5,0,2
BRDA:74,5,1,0
BRDA:77,6,0,0
BRDA:77,6,1,2
BRDA:84,7,0,2
BRDA:84,7,1,0
BRDA:87,8,0,0
BRDA:87,8,1,2
BRF:18
BRH:10
end_of_record
TN:
SF:/Users/joshpitzalis/Desktop/auction/src/components/FAQ.jsx
FN:6,(anonymous_0)
FNF:1
FNH:1
FNDA:5,(anonymous_0)
DA:7,5
LF:1
LH:1
BRF:0
BRH:0
end_of_record
TN:
SF:/Users/joshpitzalis/Desktop/auction/src/components/Footer.jsx
FN:3,_interopRequireDefault
FN:21,(anonymous_1)
FNF:2
FNH:0
FNDA:0,_interopRequireDefault
FNDA:0,(anonymous_1)
DA:1,0
DA:3,0
DA:5,0
DA:11,0
DA:22,0
LF:5
LH:0
BRDA:3,0,0,0
BRDA:3,0,1,0
BRDA:3,1,0,0
BRDA:3,1,1,0
BRF:4
BRH:0
end_of_record
TN:
SF:/Users/joshpitzalis/Desktop/auction/src/components/Gembox.jsx
FN:15,(anonymous_0)
FN:44,(anonymous_1)
FN:69,(anonymous_2)
FN:71,(anonymous_3)
FNF:4
FNH:4
FNDA:15,(anonymous_0)
FNDA:5,(anonymous_1)
FNDA:5,(anonymous_2)
FNDA:5,(anonymous_3)
DA:8,1
DA:15,1
DA:16,15
DA:45,5
DA:47,0
DA:48,0
DA:50,0
DA:51,0
DA:53,0
DA:54,0
DA:56,0
DA:57,0
DA:59,0
DA:60,0
DA:62,0
DA:63,0
DA:65,5
DA:69,5
DA:72,5
DA:73,5
LF:20
LH:8
BRDA:30,0,0,5
BRDA:30,0,1,10
BRDA:45,1,0,0
BRDA:45,1,1,0
BRDA:45,1,2,0
BRDA:45,1,3,0
BRDA:45,1,4,0
BRDA:45,1,5,0
BRDA:45,1,6,5
BRF:9
BRH:3
end_of_record
TN:
SF:/Users/joshpitzalis/Desktop/auction/src/components/MailingList.jsx
FN:15,(anonymous_0)
FNF:1
FNH:1
FNDA:5,(anonymous_0)
DA:5,1
DA:16,5
LF:2
LH:2
BRF:0
BRH:0
end_of_record
TN:
SF:/Users/joshpitzalis/Desktop/auction/src/components/MobileHeader.jsx
FN:4,_interopRequireDefault
FN:21,(anonymous_1)
FNF:2
FNH:0
FNDA:0,_interopRequireDefault
FNDA:0,(anonymous_1)
DA:1,0
DA:4,0
DA:6,0
DA:22,0
DA:23,0
LF:5
LH:0
BRDA:4,0,0,0
BRDA:4,0,1,0
BRDA:4,1,0,0
BRDA:4,1,1,0
BRF:4
BRH:0
end_of_record
TN:
SF:/Users/joshpitzalis/Desktop/auction/src/components/Modal.jsx
FN:3,(anonymous_0)
FN:20,(anonymous_1)
FNF:2
FNH:0
FNDA:0,(anonymous_0)
FNDA:0,(anonymous_1)
DA:1,0
DA:3,0
DA:20,0
LF:3
LH:0
BRF:0
BRH:0
end_of_record
TN:
SF:/Users/joshpitzalis/Desktop/auction/src/components/Nav.jsx
FN:3,_interopRequireDefault
FN:14,(anonymous_1)
FN:33,(anonymous_2)
FN:77,(anonymous_3)
FNF:4
FNH:0
FNDA:0,_interopRequireDefault
FNDA:0,(anonymous_1)
FNDA:0,(anonymous_2)
FNDA:0,(anonymous_3)
DA:1,0
DA:3,0
DA:5,0
DA:15,0
LF:4
LH:0
BRDA:3,0,0,0
BRDA:3,0,1,0
BRDA:3,1,0,0
BRDA:3,1,1,0
BRF:4
BRH:0
end_of_record
TN:
SF:/Users/joshpitzalis/Desktop/auction/src/components/ProgressMeter.jsx
FN:9,(anonymous_0)
FNF:1
FNH:1
FNDA:5,(anonymous_0)
DA:10,5
DA:11,5
LF:2
LH:2
BRF:0
BRH:0
end_of_record
TN:
SF:/Users/joshpitzalis/Desktop/auction/src/components/DescriptionBox/index.jsx
FN:23,(anonymous_0)
FN:29,(anonymous_1)
FN:31,(anonymous_2)
FN:128,(anonymous_3)
FNF:4
FNH:2
FNDA:2,(anonymous_0)
FNDA:0,(anonymous_1)
FNDA:5,(anonymous_2)
FNDA:0,(anonymous_3)
DA:24,2
DA:25,0
DA:29,0
DA:32,5
DA:34,5
DA:121,1
DA:128,1
DA:129,0
LF:8
LH:5
BRDA:24,0,0,0
BRDA:24,0,1,2
BRDA:61,1,0,5
BRDA:61,1,1,0
BRF:4
BRH:2
end_of_record
TN:
SF:/Users/joshpitzalis/Desktop/auction/src/components/RippleButton/RippleButton.jsx
FN:4,_interopRequireDefault
FN:28,(anonymous_1)
FN:33,(anonymous_2)
FN:34,(anonymous_3)
FN:36,(anonymous_4)
FN:38,(anonymous_5)
FN:45,(anonymous_6)
FN:74,(anonymous_7)
FN:79,(anonymous_8)
FN:90,(anonymous_9)
FN:95,(anonymous_10)
FN:96,(anonymous_11)
FN:97,(anonymous_12)
FNF:13
FNH:0
FNDA:0,_interopRequireDefault
FNDA:0,(anonymous_1)
FNDA:0,(anonymous_2)
FNDA:0,(anonymous_3)
FNDA:0,(anonymous_4)
FNDA:0,(anonymous_5)
FNDA:0,(anonymous_6)
FNDA:0,(anonymous_7)
FNDA:0,(anonymous_8)
FNDA:0,(anonymous_9)
FNDA:0,(anonymous_10)
FNDA:0,(anonymous_11)
FNDA:0,(anonymous_12)
DA:1,0
DA:4,0
DA:6,0
DA:21,0
DA:29,0
DA:30,0
DA:34,0
DA:35,0
DA:36,0
DA:37,0
DA:38,0
DA:39,0
DA:46,0
DA:48,0
DA:49,0
DA:51,0
DA:52,0
DA:55,0
DA:56,0
DA:57,0
DA:59,0
DA:75,0
DA:80,0
DA:81,0
DA:82,0
DA:83,0
DA:84,0
DA:85,0
DA:91,0
DA:96,0
DA:97,0
LF:31
LH:0
BRDA:4,0,0,0
BRDA:4,0,1,0
BRDA:4,1,0,0
BRDA:4,1,1,0
BRDA:48,2,0,0
BRDA:48,2,1,0
BRDA:51,3,0,0
BRDA:51,3,1,0
BRDA:56,4,0,0
BRDA:56,4,1,0
BRDA:57,5,0,0
BRDA:57,5,1,0
BRF:12
BRH:0
end_of_record
TN:
SF:/Users/joshpitzalis/Desktop/auction/src/pages/ListAuctions.jsx
FN:1,_interopRequireDefault
FN:7,(anonymous_1)
FNF:2
FNH:0
FNDA:0,_interopRequireDefault
FNDA:0,(anonymous_1)
DA:1,0
DA:8,0
LF:2
LH:0
BRDA:1,0,0,0
BRDA:1,0,1,0
BRDA:1,1,0,0
BRDA:1,1,1,0
BRF:4
BRH:0
end_of_record
TN:
SF:/Users/joshpitzalis/Desktop/auction/src/pages/Auction/helpers.js
FN:1,(anonymous_0)
FN:2,(anonymous_1)
FN:3,(anonymous_2)
FN:9,(anonymous_3)
FN:10,(anonymous_4)
FN:11,(anonymous_5)
FN:18,(anonymous_6)
FN:37,(anonymous_7)
FN:38,(anonymous_8)
FN:39,(anonymous_9)
FNF:10
FNH:0
FNDA:0,(anonymous_0)
FNDA:0,(anonymous_1)
FNDA:0,(anonymous_2)
FNDA:0,(anonymous_3)
FNDA:0,(anonymous_4)
FNDA:0,(anonymous_5)
FNDA:0,(anonymous_6)
FNDA:0,(anonymous_7)
FNDA:0,(anonymous_8)
FNDA:0,(anonymous_9)
DA:1,0
DA:2,0
DA:3,0
DA:4,0
DA:5,0
DA:9,0
DA:10,0
DA:11,0
DA:12,0
DA:13,0
DA:14,0
DA:18,0
DA:19,0
DA:21,0
DA:23,0
DA:25,0
DA:27,0
DA:29,0
DA:31,0
DA:33,0
DA:37,0
DA:38,0
DA:39,0
DA:40,0
DA:41,0
DA:42,0
DA:46,0
DA:50,0
DA:51,0
DA:52,0
LF:30
LH:0
BRDA:4,0,0,0
BRDA:4,0,1,0
BRDA:12,1,0,0
BRDA:12,1,1,0
BRDA:19,2,0,0
BRDA:19,2,1,0
BRDA:19,2,2,0
BRDA:19,2,3,0
BRDA:19,2,4,0
BRDA:19,2,5,0
BRDA:19,2,6,0
BRDA:40,3,0,0
BRDA:40,3,1,0
BRF:13
BRH:0
end_of_record
TN:
SF:/Users/joshpitzalis/Desktop/auction/src/pages/Auction/index.jsx
FN:52,(anonymous_0)
FN:118,(anonymous_1)
FN:120,(anonymous_2)
FNF:3
FNH:3
FNDA:5,(anonymous_0)
FNDA:5,(anonymous_1)
FNDA:5,(anonymous_2)
DA:15,1
DA:23,1
DA:29,1
DA:66,5
DA:68,5
DA:119,5
DA:120,5
LF:7
LH:7
BRF:0
BRH:0
end_of_record
TN:
SF:/Users/joshpitzalis/Desktop/auction/src/pages/Create/Mint.jsx
FN:44,(anonymous_0)
FN:45,(anonymous_1)
FN:53,(anonymous_2)
FN:69,(anonymous_3)
FN:80,(anonymous_4)
FN:90,(anonymous_5)
FN:91,(anonymous_6)
FN:92,(anonymous_7)
FN:93,(anonymous_8)
FN:94,(anonymous_9)
FN:95,(anonymous_10)
FN:98,(anonymous_11)
FN:106,(anonymous_12)
FN:194,(anonymous_13)
FNF:14
FNH:3
FNDA:3,(anonymous_0)
FNDA:0,(anonymous_1)
FNDA:0,(anonymous_2)
FNDA:0,(anonymous_3)
FNDA:0,(anonymous_4)
FNDA:0,(anonymous_5)
FNDA:0,(anonymous_6)
FNDA:0,(anonymous_7)
FNDA:0,(anonymous_8)
FNDA:0,(anonymous_9)
FNDA:3,(anonymous_10)
FNDA:6,(anonymous_11)
FNDA:0,(anonymous_12)
FNDA:0,(anonymous_13)
DA:4,1
DA:6,1
DA:45,3
DA:46,0
DA:50,3
DA:60,0
DA:61,0
DA:64,0
DA:70,0
DA:71,0
DA:75,0
DA:87,0
DA:90,0
DA:91,0
DA:92,0
DA:93,0
DA:94,0
DA:96,3
DA:99,6
DA:107,0
DA:108,0
DA:194,0
LF:22
LH:6
BRDA:70,0,0,0
BRDA:70,0,1,0
BRF:2
BRH:0
end_of_record
TN:
SF:/Users/joshpitzalis/Desktop/auction/src/pages/Create/helpers.js
FN:1,(anonymous_0)
FN:6,(anonymous_1)
FN:7,(anonymous_2)
FNF:3
FNH:0
FNDA:0,(anonymous_0)
FNDA:0,(anonymous_1)
FNDA:0,(anonymous_2)
DA:1,0
DA:6,0
DA:7,0
DA:8,0
DA:9,0
LF:5
LH:0
BRDA:8,0,0,0
BRDA:8,0,1,0
BRF:2
BRH:0
end_of_record
TN:
SF:/Users/joshpitzalis/Desktop/auction/src/pages/Create/index.jsx
FN:28,(anonymous_0)
FN:30,(anonymous_1)
FN:48,(anonymous_2)
FN:58,(anonymous_3)
FN:72,(anonymous_4)
FN:83,(anonymous_5)
FN:94,(anonymous_6)
FN:105,(anonymous_7)
FN:114,(anonymous_8)
FN:130,(anonymous_9)
FN:141,(anonymous_10)
FNF:11
FNH:11
FNDA:6,(anonymous_0)
FNDA:9,(anonymous_1)
FNDA:1,(anonymous_2)
FNDA:1,(anonymous_3)
FNDA:1,(anonymous_4)
FNDA:1,(anonymous_5)
FNDA:1,(anonymous_6)
FNDA:1,(anonymous_7)
FNDA:1,(anonymous_8)
FNDA:1,(anonymous_9)
FNDA:1,(anonymous_10)
DA:8,1
DA:28,6
DA:35,9
DA:36,9
DA:38,9
DA:49,1
DA:58,1
DA:73,1
DA:84,1
DA:95,1
DA:106,1
DA:115,1
DA:131,1
DA:141,1
LF:14
LH:14
BRF:0
BRH:0
end_of_record
TN:
SF:/Users/joshpitzalis/Desktop/auction/src/utils/getWeb3.js
FN:3,(anonymous_0)
FN:5,(anonymous_1)
FNF:2
FNH:1
FNDA:1,(anonymous_0)
FNDA:0,(anonymous_1)
DA:3,1
DA:5,1
DA:7,0
DA:10,0
DA:12,0
DA:13,0
DA:15,0
DA:19,0
DA:21,0
DA:26,0
DA:28,0
DA:30,0
DA:34,0
DA:36,0
LF:14
LH:2
BRDA:10,0,0,0
BRDA:10,0,1,0
BRF:2
BRH:0
end_of_record
